{"/Users/gauthamkrishna/Projects/presidio/skill-sync/skill-sync-frontend/src/App.js": {"path":"/Users/gauthamkrishna/Projects/presidio/skill-sync/skill-sync-frontend/src/App.js","statementMap":{"0":{"start":{"line":20,"column":14},"end":{"line":29,"column":2}},"1":{"start":{"line":32,"column":2},"end":{"line":148,"column":4}}},"fnMap":{"0":{"name":"App","decl":{"start":{"line":31,"column":9},"end":{"line":31,"column":12}},"loc":{"start":{"line":31,"column":15},"end":{"line":149,"column":1}},"line":31}},"branchMap":{"0":{"loc":{"start":{"line":65,"column":14},"end":{"line":69,"column":15}},"type":"cond-expr","locations":[{"start":{"line":66,"column":16},"end":{"line":66,"column":52}},{"start":{"line":68,"column":16},"end":{"line":68,"column":48}}],"line":65}},"s":{"0":0,"1":0},"f":{"0":0},"b":{"0":[0,0]}}
,"/Users/gauthamkrishna/Projects/presidio/skill-sync/skill-sync-frontend/src/index.js": {"path":"/Users/gauthamkrishna/Projects/presidio/skill-sync/skill-sync-frontend/src/index.js","statementMap":{"0":{"start":{"line":7,"column":13},"end":{"line":7,"column":65}},"1":{"start":{"line":8,"column":0},"end":{"line":12,"column":2}},"2":{"start":{"line":17,"column":0},"end":{"line":17,"column":18}}},"fnMap":{},"branchMap":{},"s":{"0":0,"1":0,"2":0},"f":{},"b":{}}
,"/Users/gauthamkrishna/Projects/presidio/skill-sync/skill-sync-frontend/src/reportWebVitals.js": {"path":"/Users/gauthamkrishna/Projects/presidio/skill-sync/skill-sync-frontend/src/reportWebVitals.js","statementMap":{"0":{"start":{"line":1,"column":24},"end":{"line":11,"column":1}},"1":{"start":{"line":2,"column":2},"end":{"line":10,"column":3}},"2":{"start":{"line":3,"column":4},"end":{"line":9,"column":7}},"3":{"start":{"line":4,"column":6},"end":{"line":4,"column":26}},"4":{"start":{"line":5,"column":6},"end":{"line":5,"column":26}},"5":{"start":{"line":6,"column":6},"end":{"line":6,"column":26}},"6":{"start":{"line":7,"column":6},"end":{"line":7,"column":26}},"7":{"start":{"line":8,"column":6},"end":{"line":8,"column":27}}},"fnMap":{"0":{"name":"(anonymous_0)","decl":{"start":{"line":1,"column":24},"end":{"line":1,"column":25}},"loc":{"start":{"line":1,"column":39},"end":{"line":11,"column":1}},"line":1},"1":{"name":"(anonymous_1)","decl":{"start":{"line":3,"column":30},"end":{"line":3,"column":31}},"loc":{"start":{"line":3,"column":79},"end":{"line":9,"column":5}},"line":3}},"branchMap":{"0":{"loc":{"start":{"line":2,"column":2},"end":{"line":10,"column":3}},"type":"if","locations":[{"start":{"line":2,"column":2},"end":{"line":10,"column":3}},{"start":{},"end":{}}],"line":2},"1":{"loc":{"start":{"line":2,"column":6},"end":{"line":2,"column":52}},"type":"binary-expr","locations":[{"start":{"line":2,"column":6},"end":{"line":2,"column":17}},{"start":{"line":2,"column":21},"end":{"line":2,"column":52}}],"line":2}},"s":{"0":0,"1":0,"2":0,"3":0,"4":0,"5":0,"6":0,"7":0},"f":{"0":0,"1":0},"b":{"0":[0,0],"1":[0,0]}}
,"/Users/gauthamkrishna/Projects/presidio/skill-sync/skill-sync-frontend/src/components/AnimatedCounter.js": {"path":"/Users/gauthamkrishna/Projects/presidio/skill-sync/skill-sync-frontend/src/components/AnimatedCounter.js","statementMap":{"0":{"start":{"line":5,"column":24},"end":{"line":31,"column":1}},"1":{"start":{"line":6,"column":18},"end":{"line":6,"column":35}},"2":{"start":{"line":7,"column":20},"end":{"line":7,"column":71}},"3":{"start":{"line":7,"column":52},"end":{"line":7,"column":70}},"4":{"start":{"line":8,"column":44},"end":{"line":8,"column":55}},"5":{"start":{"line":10,"column":4},"end":{"line":24,"column":42}},"6":{"start":{"line":11,"column":25},"end":{"line":14,"column":10}},"7":{"start":{"line":16,"column":28},"end":{"line":18,"column":10}},"8":{"start":{"line":17,"column":12},"end":{"line":17,"column":36}},"9":{"start":{"line":20,"column":8},"end":{"line":23,"column":10}},"10":{"start":{"line":21,"column":12},"end":{"line":21,"column":28}},"11":{"start":{"line":22,"column":12},"end":{"line":22,"column":26}},"12":{"start":{"line":26,"column":4},"end":{"line":30,"column":6}}},"fnMap":{"0":{"name":"(anonymous_0)","decl":{"start":{"line":5,"column":24},"end":{"line":5,"column":25}},"loc":{"start":{"line":5,"column":89},"end":{"line":31,"column":1}},"line":5},"1":{"name":"(anonymous_1)","decl":{"start":{"line":7,"column":40},"end":{"line":7,"column":41}},"loc":{"start":{"line":7,"column":52},"end":{"line":7,"column":70}},"line":7},"2":{"name":"(anonymous_2)","decl":{"start":{"line":10,"column":14},"end":{"line":10,"column":15}},"loc":{"start":{"line":10,"column":20},"end":{"line":24,"column":5}},"line":10},"3":{"name":"(anonymous_3)","decl":{"start":{"line":16,"column":45},"end":{"line":16,"column":46}},"loc":{"start":{"line":16,"column":57},"end":{"line":18,"column":9}},"line":16},"4":{"name":"(anonymous_4)","decl":{"start":{"line":20,"column":15},"end":{"line":20,"column":16}},"loc":{"start":{"line":20,"column":21},"end":{"line":23,"column":9}},"line":20}},"branchMap":{"0":{"loc":{"start":{"line":5,"column":34},"end":{"line":5,"column":46}},"type":"default-arg","locations":[{"start":{"line":5,"column":45},"end":{"line":5,"column":46}}],"line":5},"1":{"loc":{"start":{"line":5,"column":48},"end":{"line":5,"column":59}},"type":"default-arg","locations":[{"start":{"line":5,"column":57},"end":{"line":5,"column":59}}],"line":5},"2":{"loc":{"start":{"line":5,"column":61},"end":{"line":5,"column":72}},"type":"default-arg","locations":[{"start":{"line":5,"column":70},"end":{"line":5,"column":72}}],"line":5}},"s":{"0":0,"1":0,"2":0,"3":0,"4":0,"5":0,"6":0,"7":0,"8":0,"9":0,"10":0,"11":0,"12":0},"f":{"0":0,"1":0,"2":0,"3":0,"4":0},"b":{"0":[0],"1":[0],"2":[0]}}
,"/Users/gauthamkrishna/Projects/presidio/skill-sync/skill-sync-frontend/src/components/AnimatedMatchScore.js": {"path":"/Users/gauthamkrishna/Projects/presidio/skill-sync/skill-sync-frontend/src/components/AnimatedMatchScore.js","statementMap":{"0":{"start":{"line":7,"column":27},"end":{"line":80,"column":1}},"1":{"start":{"line":8,"column":44},"end":{"line":8,"column":55}},"2":{"start":{"line":10,"column":4},"end":{"line":15,"column":16}},"3":{"start":{"line":11,"column":22},"end":{"line":13,"column":15}},"4":{"start":{"line":12,"column":12},"end":{"line":12,"column":35}},"5":{"start":{"line":14,"column":8},"end":{"line":14,"column":41}},"6":{"start":{"line":14,"column":21},"end":{"line":14,"column":40}},"7":{"start":{"line":17,"column":21},"end":{"line":22,"column":5}},"8":{"start":{"line":18,"column":8},"end":{"line":18,"column":42}},"9":{"start":{"line":18,"column":25},"end":{"line":18,"column":42}},"10":{"start":{"line":19,"column":8},"end":{"line":19,"column":42}},"11":{"start":{"line":19,"column":25},"end":{"line":19,"column":42}},"12":{"start":{"line":20,"column":8},"end":{"line":20,"column":42}},"13":{"start":{"line":20,"column":25},"end":{"line":20,"column":42}},"14":{"start":{"line":21,"column":8},"end":{"line":21,"column":25}},"15":{"start":{"line":24,"column":21},"end":{"line":29,"column":5}},"16":{"start":{"line":25,"column":8},"end":{"line":25,"column":50}},"17":{"start":{"line":25,"column":25},"end":{"line":25,"column":50}},"18":{"start":{"line":26,"column":8},"end":{"line":26,"column":45}},"19":{"start":{"line":26,"column":25},"end":{"line":26,"column":45}},"20":{"start":{"line":27,"column":8},"end":{"line":27,"column":45}},"21":{"start":{"line":27,"column":25},"end":{"line":27,"column":45}},"22":{"start":{"line":28,"column":8},"end":{"line":28,"column":33}},"23":{"start":{"line":31,"column":18},"end":{"line":31,"column":33}},"24":{"start":{"line":33,"column":4},"end":{"line":79,"column":6}}},"fnMap":{"0":{"name":"(anonymous_0)","decl":{"start":{"line":7,"column":27},"end":{"line":7,"column":28}},"loc":{"start":{"line":7,"column":72},"end":{"line":80,"column":1}},"line":7},"1":{"name":"(anonymous_1)","decl":{"start":{"line":10,"column":14},"end":{"line":10,"column":15}},"loc":{"start":{"line":10,"column":20},"end":{"line":15,"column":5}},"line":10},"2":{"name":"(anonymous_2)","decl":{"start":{"line":11,"column":33},"end":{"line":11,"column":34}},"loc":{"start":{"line":11,"column":39},"end":{"line":13,"column":9}},"line":11},"3":{"name":"(anonymous_3)","decl":{"start":{"line":14,"column":15},"end":{"line":14,"column":16}},"loc":{"start":{"line":14,"column":21},"end":{"line":14,"column":40}},"line":14},"4":{"name":"(anonymous_4)","decl":{"start":{"line":17,"column":21},"end":{"line":17,"column":22}},"loc":{"start":{"line":17,"column":32},"end":{"line":22,"column":5}},"line":17},"5":{"name":"(anonymous_5)","decl":{"start":{"line":24,"column":21},"end":{"line":24,"column":22}},"loc":{"start":{"line":24,"column":32},"end":{"line":29,"column":5}},"line":24}},"branchMap":{"0":{"loc":{"start":{"line":7,"column":37},"end":{"line":7,"column":47}},"type":"default-arg","locations":[{"start":{"line":7,"column":44},"end":{"line":7,"column":47}}],"line":7},"1":{"loc":{"start":{"line":7,"column":49},"end":{"line":7,"column":65}},"type":"default-arg","locations":[{"start":{"line":7,"column":61},"end":{"line":7,"column":65}}],"line":7},"2":{"loc":{"start":{"line":18,"column":8},"end":{"line":18,"column":42}},"type":"if","locations":[{"start":{"line":18,"column":8},"end":{"line":18,"column":42}},{"start":{},"end":{}}],"line":18},"3":{"loc":{"start":{"line":19,"column":8},"end":{"line":19,"column":42}},"type":"if","locations":[{"start":{"line":19,"column":8},"end":{"line":19,"column":42}},{"start":{},"end":{}}],"line":19},"4":{"loc":{"start":{"line":20,"column":8},"end":{"line":20,"column":42}},"type":"if","locations":[{"start":{"line":20,"column":8},"end":{"line":20,"column":42}},{"start":{},"end":{}}],"line":20},"5":{"loc":{"start":{"line":25,"column":8},"end":{"line":25,"column":50}},"type":"if","locations":[{"start":{"line":25,"column":8},"end":{"line":25,"column":50}},{"start":{},"end":{}}],"line":25},"6":{"loc":{"start":{"line":26,"column":8},"end":{"line":26,"column":45}},"type":"if","locations":[{"start":{"line":26,"column":8},"end":{"line":26,"column":45}},{"start":{},"end":{}}],"line":26},"7":{"loc":{"start":{"line":27,"column":8},"end":{"line":27,"column":45}},"type":"if","locations":[{"start":{"line":27,"column":8},"end":{"line":27,"column":45}},{"start":{},"end":{}}],"line":27},"8":{"loc":{"start":{"line":58,"column":13},"end":{"line":77,"column":13}},"type":"binary-expr","locations":[{"start":{"line":58,"column":13},"end":{"line":58,"column":22}},{"start":{"line":59,"column":16},"end":{"line":76,"column":29}}],"line":58}},"s":{"0":0,"1":0,"2":0,"3":0,"4":0,"5":0,"6":0,"7":0,"8":0,"9":0,"10":0,"11":0,"12":0,"13":0,"14":0,"15":0,"16":0,"17":0,"18":0,"19":0,"20":0,"21":0,"22":0,"23":0,"24":0},"f":{"0":0,"1":0,"2":0,"3":0,"4":0,"5":0},"b":{"0":[0],"1":[0],"2":[0,0],"3":[0,0],"4":[0,0],"5":[0,0],"6":[0,0],"7":[0,0],"8":[0,0]}}
,"/Users/gauthamkrishna/Projects/presidio/skill-sync/skill-sync-frontend/src/components/FloatingParticles.js": {"path":"/Users/gauthamkrishna/Projects/presidio/skill-sync/skill-sync-frontend/src/components/FloatingParticles.js","statementMap":{"0":{"start":{"line":4,"column":26},"end":{"line":104,"column":1}},"1":{"start":{"line":5,"column":22},"end":{"line":5,"column":34}},"2":{"start":{"line":7,"column":4},"end":{"line":88,"column":11}},"3":{"start":{"line":8,"column":23},"end":{"line":8,"column":40}},"4":{"start":{"line":9,"column":8},"end":{"line":9,"column":28}},"5":{"start":{"line":9,"column":21},"end":{"line":9,"column":28}},"6":{"start":{"line":11,"column":20},"end":{"line":11,"column":43}},"7":{"start":{"line":12,"column":8},"end":{"line":12,"column":41}},"8":{"start":{"line":13,"column":8},"end":{"line":13,"column":43}},"9":{"start":{"line":17,"column":16},"end":{"line":17,"column":54}},"10":{"start":{"line":18,"column":16},"end":{"line":18,"column":55}},"11":{"start":{"line":19,"column":16},"end":{"line":19,"column":50}},"12":{"start":{"line":20,"column":16},"end":{"line":20,"column":58}},"13":{"start":{"line":21,"column":16},"end":{"line":21,"column":58}},"14":{"start":{"line":22,"column":16},"end":{"line":22,"column":57}},"15":{"start":{"line":26,"column":16},"end":{"line":26,"column":38}},"16":{"start":{"line":27,"column":16},"end":{"line":27,"column":38}},"17":{"start":{"line":29,"column":16},"end":{"line":29,"column":54}},"18":{"start":{"line":29,"column":43},"end":{"line":29,"column":54}},"19":{"start":{"line":30,"column":16},"end":{"line":30,"column":54}},"20":{"start":{"line":30,"column":32},"end":{"line":30,"column":54}},"21":{"start":{"line":31,"column":16},"end":{"line":31,"column":55}},"22":{"start":{"line":31,"column":44},"end":{"line":31,"column":55}},"23":{"start":{"line":32,"column":16},"end":{"line":32,"column":55}},"24":{"start":{"line":32,"column":32},"end":{"line":32,"column":55}},"25":{"start":{"line":36,"column":16},"end":{"line":36,"column":71}},"26":{"start":{"line":37,"column":16},"end":{"line":37,"column":32}},"27":{"start":{"line":38,"column":16},"end":{"line":38,"column":67}},"28":{"start":{"line":39,"column":16},"end":{"line":39,"column":27}},"29":{"start":{"line":43,"column":26},"end":{"line":43,"column":28}},"30":{"start":{"line":44,"column":34},"end":{"line":44,"column":37}},"31":{"start":{"line":46,"column":8},"end":{"line":48,"column":9}},"32":{"start":{"line":46,"column":21},"end":{"line":46,"column":22}},"33":{"start":{"line":47,"column":12},"end":{"line":47,"column":43}},"34":{"start":{"line":50,"column":24},"end":{"line":74,"column":9}},"35":{"start":{"line":51,"column":12},"end":{"line":51,"column":61}},"36":{"start":{"line":53,"column":12},"end":{"line":71,"column":13}},"37":{"start":{"line":53,"column":25},"end":{"line":53,"column":26}},"38":{"start":{"line":54,"column":16},"end":{"line":54,"column":38}},"39":{"start":{"line":55,"column":16},"end":{"line":55,"column":36}},"40":{"start":{"line":57,"column":16},"end":{"line":70,"column":17}},"41":{"start":{"line":57,"column":29},"end":{"line":57,"column":34}},"42":{"start":{"line":58,"column":31},"end":{"line":58,"column":62}},"43":{"start":{"line":59,"column":31},"end":{"line":59,"column":62}},"44":{"start":{"line":60,"column":37},"end":{"line":60,"column":65}},"45":{"start":{"line":62,"column":20},"end":{"line":69,"column":21}},"46":{"start":{"line":63,"column":24},"end":{"line":63,"column":95}},"47":{"start":{"line":64,"column":24},"end":{"line":64,"column":42}},"48":{"start":{"line":65,"column":24},"end":{"line":65,"column":40}},"49":{"start":{"line":66,"column":24},"end":{"line":66,"column":67}},"50":{"start":{"line":67,"column":24},"end":{"line":67,"column":67}},"51":{"start":{"line":68,"column":24},"end":{"line":68,"column":37}},"52":{"start":{"line":73,"column":12},"end":{"line":73,"column":43}},"53":{"start":{"line":76,"column":8},"end":{"line":76,"column":18}},"54":{"start":{"line":78,"column":29},"end":{"line":81,"column":9}},"55":{"start":{"line":79,"column":12},"end":{"line":79,"column":45}},"56":{"start":{"line":80,"column":12},"end":{"line":80,"column":47}},"57":{"start":{"line":83,"column":8},"end":{"line":83,"column":56}},"58":{"start":{"line":85,"column":8},"end":{"line":87,"column":10}},"59":{"start":{"line":86,"column":12},"end":{"line":86,"column":63}},"60":{"start":{"line":90,"column":4},"end":{"line":103,"column":6}}},"fnMap":{"0":{"name":"(anonymous_0)","decl":{"start":{"line":4,"column":26},"end":{"line":4,"column":27}},"loc":{"start":{"line":4,"column":32},"end":{"line":104,"column":1}},"line":4},"1":{"name":"(anonymous_1)","decl":{"start":{"line":7,"column":14},"end":{"line":7,"column":15}},"loc":{"start":{"line":7,"column":20},"end":{"line":88,"column":5}},"line":7},"2":{"name":"(anonymous_2)","decl":{"start":{"line":16,"column":12},"end":{"line":16,"column":13}},"loc":{"start":{"line":16,"column":26},"end":{"line":23,"column":13}},"line":16},"3":{"name":"(anonymous_3)","decl":{"start":{"line":25,"column":12},"end":{"line":25,"column":13}},"loc":{"start":{"line":25,"column":21},"end":{"line":33,"column":13}},"line":25},"4":{"name":"(anonymous_4)","decl":{"start":{"line":35,"column":12},"end":{"line":35,"column":13}},"loc":{"start":{"line":35,"column":19},"end":{"line":40,"column":13}},"line":35},"5":{"name":"(anonymous_5)","decl":{"start":{"line":50,"column":24},"end":{"line":50,"column":25}},"loc":{"start":{"line":50,"column":30},"end":{"line":74,"column":9}},"line":50},"6":{"name":"(anonymous_6)","decl":{"start":{"line":78,"column":29},"end":{"line":78,"column":30}},"loc":{"start":{"line":78,"column":35},"end":{"line":81,"column":9}},"line":78},"7":{"name":"(anonymous_7)","decl":{"start":{"line":85,"column":15},"end":{"line":85,"column":16}},"loc":{"start":{"line":85,"column":21},"end":{"line":87,"column":9}},"line":85}},"branchMap":{"0":{"loc":{"start":{"line":9,"column":8},"end":{"line":9,"column":28}},"type":"if","locations":[{"start":{"line":9,"column":8},"end":{"line":9,"column":28}},{"start":{},"end":{}}],"line":9},"1":{"loc":{"start":{"line":29,"column":16},"end":{"line":29,"column":54}},"type":"if","locations":[{"start":{"line":29,"column":16},"end":{"line":29,"column":54}},{"start":{},"end":{}}],"line":29},"2":{"loc":{"start":{"line":30,"column":16},"end":{"line":30,"column":54}},"type":"if","locations":[{"start":{"line":30,"column":16},"end":{"line":30,"column":54}},{"start":{},"end":{}}],"line":30},"3":{"loc":{"start":{"line":31,"column":16},"end":{"line":31,"column":55}},"type":"if","locations":[{"start":{"line":31,"column":16},"end":{"line":31,"column":55}},{"start":{},"end":{}}],"line":31},"4":{"loc":{"start":{"line":32,"column":16},"end":{"line":32,"column":55}},"type":"if","locations":[{"start":{"line":32,"column":16},"end":{"line":32,"column":55}},{"start":{},"end":{}}],"line":32},"5":{"loc":{"start":{"line":62,"column":20},"end":{"line":69,"column":21}},"type":"if","locations":[{"start":{"line":62,"column":20},"end":{"line":69,"column":21}},{"start":{},"end":{}}],"line":62}},"s":{"0":0,"1":0,"2":0,"3":0,"4":0,"5":0,"6":0,"7":0,"8":0,"9":0,"10":0,"11":0,"12":0,"13":0,"14":0,"15":0,"16":0,"17":0,"18":0,"19":0,"20":0,"21":0,"22":0,"23":0,"24":0,"25":0,"26":0,"27":0,"28":0,"29":0,"30":0,"31":0,"32":0,"33":0,"34":0,"35":0,"36":0,"37":0,"38":0,"39":0,"40":0,"41":0,"42":0,"43":0,"44":0,"45":0,"46":0,"47":0,"48":0,"49":0,"50":0,"51":0,"52":0,"53":0,"54":0,"55":0,"56":0,"57":0,"58":0,"59":0,"60":0},"f":{"0":0,"1":0,"2":0,"3":0,"4":0,"5":0,"6":0,"7":0},"b":{"0":[0,0],"1":[0,0],"2":[0,0],"3":[0,0],"4":[0,0],"5":[0,0]}}
,"/Users/gauthamkrishna/Projects/presidio/skill-sync/skill-sync-frontend/src/components/Layout.js": {"path":"/Users/gauthamkrishna/Projects/presidio/skill-sync/skill-sync-frontend/src/components/Layout.js","statementMap":{"0":{"start":{"line":34,"column":20},"end":{"line":34,"column":23}},"1":{"start":{"line":36,"column":15},"end":{"line":427,"column":1}},"2":{"start":{"line":37,"column":40},"end":{"line":37,"column":55}},"3":{"start":{"line":38,"column":36},"end":{"line":38,"column":50}},"4":{"start":{"line":39,"column":21},"end":{"line":39,"column":34}},"5":{"start":{"line":40,"column":21},"end":{"line":40,"column":34}},"6":{"start":{"line":41,"column":18},"end":{"line":41,"column":28}},"7":{"start":{"line":42,"column":21},"end":{"line":42,"column":64}},"8":{"start":{"line":44,"column":24},"end":{"line":44,"column":52}},"9":{"start":{"line":45,"column":21},"end":{"line":45,"column":53}},"10":{"start":{"line":48,"column":23},"end":{"line":67,"column":5}},"11":{"start":{"line":69,"column":26},"end":{"line":69,"column":68}},"12":{"start":{"line":72,"column":25},"end":{"line":96,"column":5}},"13":{"start":{"line":73,"column":26},"end":{"line":75,"column":9}},"14":{"start":{"line":77,"column":29},"end":{"line":81,"column":9}},"15":{"start":{"line":83,"column":29},"end":{"line":86,"column":9}},"16":{"start":{"line":88,"column":27},"end":{"line":92,"column":9}},"17":{"start":{"line":94,"column":25},"end":{"line":94,"column":88}},"18":{"start":{"line":95,"column":8},"end":{"line":95,"column":70}},"19":{"start":{"line":95,"column":39},"end":{"line":95,"column":68}},"20":{"start":{"line":98,"column":22},"end":{"line":98,"column":36}},"21":{"start":{"line":100,"column":31},"end":{"line":102,"column":5}},"22":{"start":{"line":101,"column":8},"end":{"line":101,"column":35}},"23":{"start":{"line":104,"column":27},"end":{"line":106,"column":5}},"24":{"start":{"line":105,"column":8},"end":{"line":105,"column":41}},"25":{"start":{"line":108,"column":28},"end":{"line":110,"column":5}},"26":{"start":{"line":109,"column":8},"end":{"line":109,"column":26}},"27":{"start":{"line":112,"column":25},"end":{"line":115,"column":5}},"28":{"start":{"line":113,"column":8},"end":{"line":113,"column":29}},"29":{"start":{"line":114,"column":8},"end":{"line":114,"column":27}},"30":{"start":{"line":117,"column":29},"end":{"line":122,"column":5}},"31":{"start":{"line":118,"column":8},"end":{"line":118,"column":23}},"32":{"start":{"line":119,"column":8},"end":{"line":121,"column":9}},"33":{"start":{"line":120,"column":12},"end":{"line":120,"column":33}},"34":{"start":{"line":125,"column":8},"end":{"line":188,"column":14}},"35":{"start":{"line":127,"column":31},"end":{"line":127,"column":53}},"36":{"start":{"line":149,"column":20},"end":{"line":185,"column":31}},"37":{"start":{"line":152,"column":43},"end":{"line":152,"column":70}},"38":{"start":{"line":191,"column":4},"end":{"line":426,"column":6}},"39":{"start":{"line":227,"column":48},"end":{"line":227,"column":79}}},"fnMap":{"0":{"name":"(anonymous_0)","decl":{"start":{"line":36,"column":15},"end":{"line":36,"column":16}},"loc":{"start":{"line":36,"column":33},"end":{"line":427,"column":1}},"line":36},"1":{"name":"(anonymous_1)","decl":{"start":{"line":72,"column":25},"end":{"line":72,"column":26}},"loc":{"start":{"line":72,"column":31},"end":{"line":96,"column":5}},"line":72},"2":{"name":"(anonymous_2)","decl":{"start":{"line":95,"column":31},"end":{"line":95,"column":32}},"loc":{"start":{"line":95,"column":39},"end":{"line":95,"column":68}},"line":95},"3":{"name":"(anonymous_3)","decl":{"start":{"line":100,"column":31},"end":{"line":100,"column":32}},"loc":{"start":{"line":100,"column":37},"end":{"line":102,"column":5}},"line":100},"4":{"name":"(anonymous_4)","decl":{"start":{"line":104,"column":27},"end":{"line":104,"column":28}},"loc":{"start":{"line":104,"column":38},"end":{"line":106,"column":5}},"line":104},"5":{"name":"(anonymous_5)","decl":{"start":{"line":108,"column":28},"end":{"line":108,"column":29}},"loc":{"start":{"line":108,"column":34},"end":{"line":110,"column":5}},"line":108},"6":{"name":"(anonymous_6)","decl":{"start":{"line":112,"column":25},"end":{"line":112,"column":26}},"loc":{"start":{"line":112,"column":31},"end":{"line":115,"column":5}},"line":112},"7":{"name":"(anonymous_7)","decl":{"start":{"line":117,"column":29},"end":{"line":117,"column":30}},"loc":{"start":{"line":117,"column":39},"end":{"line":122,"column":5}},"line":117},"8":{"name":"(anonymous_8)","decl":{"start":{"line":127,"column":25},"end":{"line":127,"column":26}},"loc":{"start":{"line":127,"column":31},"end":{"line":127,"column":53}},"line":127},"9":{"name":"(anonymous_9)","decl":{"start":{"line":148,"column":31},"end":{"line":148,"column":32}},"loc":{"start":{"line":149,"column":20},"end":{"line":185,"column":31}},"line":149},"10":{"name":"(anonymous_10)","decl":{"start":{"line":152,"column":37},"end":{"line":152,"column":38}},"loc":{"start":{"line":152,"column":43},"end":{"line":152,"column":70}},"line":152},"11":{"name":"(anonymous_11)","decl":{"start":{"line":227,"column":40},"end":{"line":227,"column":41}},"loc":{"start":{"line":227,"column":48},"end":{"line":227,"column":79}},"line":227}},"branchMap":{"0":{"loc":{"start":{"line":69,"column":26},"end":{"line":69,"column":68}},"type":"binary-expr","locations":[{"start":{"line":69,"column":26},"end":{"line":69,"column":46}},{"start":{"line":69,"column":50},"end":{"line":69,"column":68}}],"line":69},"1":{"loc":{"start":{"line":119,"column":8},"end":{"line":121,"column":9}},"type":"if","locations":[{"start":{"line":119,"column":8},"end":{"line":121,"column":9}},{"start":{},"end":{}}],"line":119},"2":{"loc":{"start":{"line":171,"column":39},"end":{"line":171,"column":103}},"type":"cond-expr","locations":[{"start":{"line":171,"column":73},"end":{"line":171,"column":94}},{"start":{"line":171,"column":97},"end":{"line":171,"column":103}}],"line":171},"3":{"loc":{"start":{"line":180,"column":48},"end":{"line":180,"column":91}},"type":"cond-expr","locations":[{"start":{"line":180,"column":82},"end":{"line":180,"column":85}},{"start":{"line":180,"column":88},"end":{"line":180,"column":91}}],"line":180},"4":{"loc":{"start":{"line":227,"column":25},"end":{"line":227,"column":101}},"type":"binary-expr","locations":[{"start":{"line":227,"column":25},"end":{"line":227,"column":86}},{"start":{"line":227,"column":90},"end":{"line":227,"column":101}}],"line":227},"5":{"loc":{"start":{"line":273,"column":43},"end":{"line":273,"column":89}},"type":"cond-expr","locations":[{"start":{"line":273,"column":63},"end":{"line":273,"column":77}},{"start":{"line":273,"column":80},"end":{"line":273,"column":89}}],"line":273},"6":{"loc":{"start":{"line":275,"column":43},"end":{"line":275,"column":81}},"type":"cond-expr","locations":[{"start":{"line":275,"column":63},"end":{"line":275,"column":69}},{"start":{"line":275,"column":72},"end":{"line":275,"column":81}}],"line":275},"7":{"loc":{"start":{"line":287,"column":33},"end":{"line":287,"column":78}},"type":"binary-expr","locations":[{"start":{"line":287,"column":33},"end":{"line":287,"column":71}},{"start":{"line":287,"column":75},"end":{"line":287,"column":78}}],"line":287}},"s":{"0":0,"1":0,"2":0,"3":0,"4":0,"5":0,"6":0,"7":0,"8":0,"9":0,"10":0,"11":0,"12":0,"13":0,"14":0,"15":0,"16":0,"17":0,"18":0,"19":0,"20":0,"21":0,"22":0,"23":0,"24":0,"25":0,"26":0,"27":0,"28":0,"29":0,"30":0,"31":0,"32":0,"33":0,"34":0,"35":0,"36":0,"37":0,"38":0,"39":0},"f":{"0":0,"1":0,"2":0,"3":0,"4":0,"5":0,"6":0,"7":0,"8":0,"9":0,"10":0,"11":0},"b":{"0":[0,0],"1":[0,0],"2":[0,0],"3":[0,0],"4":[0,0],"5":[0,0],"6":[0,0],"7":[0,0]}}
,"/Users/gauthamkrishna/Projects/presidio/skill-sync/skill-sync-frontend/src/components/PrivateRoute.js": {"path":"/Users/gauthamkrishna/Projects/presidio/skill-sync/skill-sync-frontend/src/components/PrivateRoute.js","statementMap":{"0":{"start":{"line":9,"column":21},"end":{"line":18,"column":1}},"1":{"start":{"line":10,"column":28},"end":{"line":10,"column":57}},"2":{"start":{"line":12,"column":4},"end":{"line":15,"column":5}},"3":{"start":{"line":14,"column":8},"end":{"line":14,"column":48}},"4":{"start":{"line":17,"column":4},"end":{"line":17,"column":20}}},"fnMap":{"0":{"name":"(anonymous_0)","decl":{"start":{"line":9,"column":21},"end":{"line":9,"column":22}},"loc":{"start":{"line":9,"column":39},"end":{"line":18,"column":1}},"line":9}},"branchMap":{"0":{"loc":{"start":{"line":12,"column":4},"end":{"line":15,"column":5}},"type":"if","locations":[{"start":{"line":12,"column":4},"end":{"line":15,"column":5}},{"start":{},"end":{}}],"line":12}},"s":{"0":0,"1":0,"2":0,"3":0,"4":0},"f":{"0":0},"b":{"0":[0,0]}}
,"/Users/gauthamkrishna/Projects/presidio/skill-sync/skill-sync-frontend/src/components/SkeletonLoader.js": {"path":"/Users/gauthamkrishna/Projects/presidio/skill-sync/skill-sync-frontend/src/components/SkeletonLoader.js","statementMap":{"0":{"start":{"line":4,"column":38},"end":{"line":38,"column":1}},"1":{"start":{"line":5,"column":4},"end":{"line":37,"column":11}},"2":{"start":{"line":40,"column":38},"end":{"line":48,"column":1}},"3":{"start":{"line":41,"column":4},"end":{"line":47,"column":11}},"4":{"start":{"line":43,"column":12},"end":{"line":45,"column":19}},"5":{"start":{"line":50,"column":37},"end":{"line":77,"column":1}},"6":{"start":{"line":51,"column":4},"end":{"line":76,"column":11}},"7":{"start":{"line":72,"column":20},"end":{"line":72,"column":81}},"8":{"start":{"line":79,"column":37},"end":{"line":97,"column":1}},"9":{"start":{"line":80,"column":4},"end":{"line":96,"column":11}}},"fnMap":{"0":{"name":"(anonymous_0)","decl":{"start":{"line":4,"column":38},"end":{"line":4,"column":39}},"loc":{"start":{"line":5,"column":4},"end":{"line":37,"column":11}},"line":5},"1":{"name":"(anonymous_1)","decl":{"start":{"line":40,"column":38},"end":{"line":40,"column":39}},"loc":{"start":{"line":41,"column":4},"end":{"line":47,"column":11}},"line":41},"2":{"name":"(anonymous_2)","decl":{"start":{"line":42,"column":31},"end":{"line":42,"column":32}},"loc":{"start":{"line":43,"column":12},"end":{"line":45,"column":19}},"line":43},"3":{"name":"(anonymous_3)","decl":{"start":{"line":50,"column":37},"end":{"line":50,"column":38}},"loc":{"start":{"line":51,"column":4},"end":{"line":76,"column":11}},"line":51},"4":{"name":"(anonymous_4)","decl":{"start":{"line":71,"column":35},"end":{"line":71,"column":36}},"loc":{"start":{"line":72,"column":20},"end":{"line":72,"column":81}},"line":72},"5":{"name":"(anonymous_5)","decl":{"start":{"line":79,"column":37},"end":{"line":79,"column":38}},"loc":{"start":{"line":80,"column":4},"end":{"line":96,"column":11}},"line":80}},"branchMap":{"0":{"loc":{"start":{"line":40,"column":41},"end":{"line":40,"column":50}},"type":"default-arg","locations":[{"start":{"line":40,"column":49},"end":{"line":40,"column":50}}],"line":40}},"s":{"0":0,"1":0,"2":0,"3":0,"4":0,"5":0,"6":0,"7":0,"8":0,"9":0},"f":{"0":0,"1":0,"2":0,"3":0,"4":0,"5":0},"b":{"0":[0]}}
,"/Users/gauthamkrishna/Projects/presidio/skill-sync/skill-sync-frontend/src/components/SkillsCloud.js": {"path":"/Users/gauthamkrishna/Projects/presidio/skill-sync/skill-sync-frontend/src/components/SkillsCloud.js","statementMap":{"0":{"start":{"line":5,"column":20},"end":{"line":82,"column":1}},"1":{"start":{"line":6,"column":4},"end":{"line":6,"column":52}},"2":{"start":{"line":6,"column":40},"end":{"line":6,"column":52}},"3":{"start":{"line":8,"column":22},"end":{"line":12,"column":5}},"4":{"start":{"line":9,"column":8},"end":{"line":11,"column":10}},"5":{"start":{"line":10,"column":12},"end":{"line":10,"column":52}},"6":{"start":{"line":14,"column":26},"end":{"line":27,"column":5}},"7":{"start":{"line":15,"column":8},"end":{"line":21,"column":9}},"8":{"start":{"line":16,"column":12},"end":{"line":20,"column":14}},"9":{"start":{"line":22,"column":8},"end":{"line":26,"column":10}},"10":{"start":{"line":29,"column":4},"end":{"line":81,"column":6}},"11":{"start":{"line":39,"column":31},"end":{"line":39,"column":51}},"12":{"start":{"line":40,"column":16},"end":{"line":78,"column":18}}},"fnMap":{"0":{"name":"(anonymous_0)","decl":{"start":{"line":5,"column":20},"end":{"line":5,"column":21}},"loc":{"start":{"line":5,"column":77},"end":{"line":82,"column":1}},"line":5},"1":{"name":"(anonymous_1)","decl":{"start":{"line":8,"column":22},"end":{"line":8,"column":23}},"loc":{"start":{"line":8,"column":33},"end":{"line":12,"column":5}},"line":8},"2":{"name":"(anonymous_2)","decl":{"start":{"line":9,"column":34},"end":{"line":9,"column":35}},"loc":{"start":{"line":10,"column":12},"end":{"line":10,"column":52}},"line":10},"3":{"name":"(anonymous_3)","decl":{"start":{"line":14,"column":26},"end":{"line":14,"column":27}},"loc":{"start":{"line":14,"column":37},"end":{"line":27,"column":5}},"line":14},"4":{"name":"(anonymous_4)","decl":{"start":{"line":38,"column":24},"end":{"line":38,"column":25}},"loc":{"start":{"line":38,"column":42},"end":{"line":79,"column":13}},"line":38}},"branchMap":{"0":{"loc":{"start":{"line":5,"column":31},"end":{"line":5,"column":49}},"type":"default-arg","locations":[{"start":{"line":5,"column":47},"end":{"line":5,"column":49}}],"line":5},"1":{"loc":{"start":{"line":5,"column":51},"end":{"line":5,"column":70}},"type":"default-arg","locations":[{"start":{"line":5,"column":61},"end":{"line":5,"column":70}}],"line":5},"2":{"loc":{"start":{"line":6,"column":4},"end":{"line":6,"column":52}},"type":"if","locations":[{"start":{"line":6,"column":4},"end":{"line":6,"column":52}},{"start":{},"end":{}}],"line":6},"3":{"loc":{"start":{"line":6,"column":8},"end":{"line":6,"column":38}},"type":"binary-expr","locations":[{"start":{"line":6,"column":8},"end":{"line":6,"column":15}},{"start":{"line":6,"column":19},"end":{"line":6,"column":38}}],"line":6},"4":{"loc":{"start":{"line":15,"column":8},"end":{"line":21,"column":9}},"type":"if","locations":[{"start":{"line":15,"column":8},"end":{"line":21,"column":9}},{"start":{},"end":{}}],"line":15},"5":{"loc":{"start":{"line":68,"column":43},"end":{"line":70,"column":44}},"type":"cond-expr","locations":[{"start":{"line":69,"column":38},"end":{"line":69,"column":75}},{"start":{"line":70,"column":38},"end":{"line":70,"column":44}}],"line":68}},"s":{"0":0,"1":0,"2":0,"3":0,"4":0,"5":0,"6":0,"7":0,"8":0,"9":0,"10":0,"11":0,"12":0},"f":{"0":0,"1":0,"2":0,"3":0,"4":0},"b":{"0":[0],"1":[0],"2":[0,0],"3":[0,0],"4":[0,0],"5":[0,0]}}
,"/Users/gauthamkrishna/Projects/presidio/skill-sync/skill-sync-frontend/src/pages/Analytics.js": {"path":"/Users/gauthamkrishna/Projects/presidio/skill-sync/skill-sync-frontend/src/pages/Analytics.js","statementMap":{"0":{"start":{"line":25,"column":18},"end":{"line":344,"column":1}},"1":{"start":{"line":26,"column":34},"end":{"line":26,"column":48}},"2":{"start":{"line":27,"column":30},"end":{"line":27,"column":42}},"3":{"start":{"line":28,"column":30},"end":{"line":37,"column":6}},"4":{"start":{"line":39,"column":4},"end":{"line":41,"column":11}},"5":{"start":{"line":40,"column":8},"end":{"line":40,"column":25}},"6":{"start":{"line":43,"column":27},"end":{"line":67,"column":5}},"7":{"start":{"line":44,"column":8},"end":{"line":66,"column":9}},"8":{"start":{"line":45,"column":12},"end":{"line":45,"column":29}},"9":{"start":{"line":46,"column":12},"end":{"line":46,"column":25}},"10":{"start":{"line":49,"column":29},"end":{"line":49,"column":61}},"11":{"start":{"line":51,"column":12},"end":{"line":60,"column":15}},"12":{"start":{"line":62,"column":12},"end":{"line":62,"column":60}},"13":{"start":{"line":63,"column":12},"end":{"line":63,"column":84}},"14":{"start":{"line":65,"column":12},"end":{"line":65,"column":30}},"15":{"start":{"line":69,"column":21},"end":{"line":122,"column":5}},"16":{"start":{"line":70,"column":8},"end":{"line":121,"column":15}},"17":{"start":{"line":124,"column":4},"end":{"line":134,"column":5}},"18":{"start":{"line":125,"column":8},"end":{"line":133,"column":10}},"19":{"start":{"line":136,"column":4},"end":{"line":343,"column":6}}},"fnMap":{"0":{"name":"(anonymous_0)","decl":{"start":{"line":25,"column":18},"end":{"line":25,"column":19}},"loc":{"start":{"line":25,"column":24},"end":{"line":344,"column":1}},"line":25},"1":{"name":"(anonymous_1)","decl":{"start":{"line":39,"column":14},"end":{"line":39,"column":15}},"loc":{"start":{"line":39,"column":20},"end":{"line":41,"column":5}},"line":39},"2":{"name":"(anonymous_2)","decl":{"start":{"line":43,"column":27},"end":{"line":43,"column":28}},"loc":{"start":{"line":43,"column":39},"end":{"line":67,"column":5}},"line":43},"3":{"name":"(anonymous_3)","decl":{"start":{"line":69,"column":21},"end":{"line":69,"column":22}},"loc":{"start":{"line":70,"column":8},"end":{"line":121,"column":15}},"line":70}},"branchMap":{"0":{"loc":{"start":{"line":63,"column":21},"end":{"line":63,"column":82}},"type":"binary-expr","locations":[{"start":{"line":63,"column":21},"end":{"line":63,"column":47}},{"start":{"line":63,"column":51},"end":{"line":63,"column":82}}],"line":63},"1":{"loc":{"start":{"line":124,"column":4},"end":{"line":134,"column":5}},"type":"if","locations":[{"start":{"line":124,"column":4},"end":{"line":134,"column":5}},{"start":{},"end":{}}],"line":124},"2":{"loc":{"start":{"line":185,"column":17},"end":{"line":189,"column":17}},"type":"binary-expr","locations":[{"start":{"line":185,"column":17},"end":{"line":185,"column":22}},{"start":{"line":186,"column":20},"end":{"line":188,"column":28}}],"line":185}},"s":{"0":0,"1":0,"2":0,"3":0,"4":0,"5":0,"6":0,"7":0,"8":0,"9":0,"10":0,"11":0,"12":0,"13":0,"14":0,"15":0,"16":0,"17":0,"18":0,"19":0},"f":{"0":0,"1":0,"2":0,"3":0},"b":{"0":[0,0],"1":[0,0],"2":[0,0]}}
,"/Users/gauthamkrishna/Projects/presidio/skill-sync/skill-sync-frontend/src/pages/CompanyMatches.js": {"path":"/Users/gauthamkrishna/Projects/presidio/skill-sync/skill-sync-frontend/src/pages/CompanyMatches.js","statementMap":{"0":{"start":{"line":28,"column":23},"end":{"line":368,"column":1}},"1":{"start":{"line":29,"column":42},"end":{"line":29,"column":54}},"2":{"start":{"line":30,"column":56},"end":{"line":30,"column":70}},"3":{"start":{"line":31,"column":40},"end":{"line":31,"column":52}},"4":{"start":{"line":32,"column":34},"end":{"line":32,"column":48}},"5":{"start":{"line":33,"column":54},"end":{"line":33,"column":69}},"6":{"start":{"line":34,"column":30},"end":{"line":34,"column":42}},"7":{"start":{"line":36,"column":4},"end":{"line":39,"column":11}},"8":{"start":{"line":37,"column":8},"end":{"line":37,"column":29}},"9":{"start":{"line":41,"column":31},"end":{"line":54,"column":5}},"10":{"start":{"line":42,"column":8},"end":{"line":53,"column":9}},"11":{"start":{"line":43,"column":12},"end":{"line":43,"column":29}},"12":{"start":{"line":44,"column":29},"end":{"line":44,"column":66}},"13":{"start":{"line":45,"column":12},"end":{"line":45,"column":42}},"14":{"start":{"line":46,"column":12},"end":{"line":48,"column":13}},"15":{"start":{"line":47,"column":16},"end":{"line":47,"column":51}},"16":{"start":{"line":50,"column":12},"end":{"line":50,"column":81}},"17":{"start":{"line":52,"column":12},"end":{"line":52,"column":30}},"18":{"start":{"line":56,"column":29},"end":{"line":68,"column":5}},"19":{"start":{"line":57,"column":8},"end":{"line":57,"column":42}},"20":{"start":{"line":58,"column":8},"end":{"line":58,"column":35}},"21":{"start":{"line":59,"column":8},"end":{"line":67,"column":9}},"22":{"start":{"line":60,"column":29},"end":{"line":60,"column":90}},"23":{"start":{"line":61,"column":12},"end":{"line":61,"column":41}},"24":{"start":{"line":63,"column":12},"end":{"line":63,"column":61}},"25":{"start":{"line":64,"column":12},"end":{"line":64,"column":30}},"26":{"start":{"line":66,"column":12},"end":{"line":66,"column":40}},"27":{"start":{"line":70,"column":4},"end":{"line":80,"column":5}},"28":{"start":{"line":71,"column":8},"end":{"line":79,"column":10}},"29":{"start":{"line":82,"column":4},"end":{"line":92,"column":5}},"30":{"start":{"line":83,"column":8},"end":{"line":91,"column":10}},"31":{"start":{"line":94,"column":4},"end":{"line":135,"column":5}},"32":{"start":{"line":95,"column":8},"end":{"line":134,"column":10}},"33":{"start":{"line":137,"column":4},"end":{"line":367,"column":6}},"34":{"start":{"line":204,"column":36},"end":{"line":226,"column":43}},"35":{"start":{"line":206,"column":55},"end":{"line":206,"column":83}},"36":{"start":{"line":274,"column":40},"end":{"line":358,"column":53}}},"fnMap":{"0":{"name":"(anonymous_0)","decl":{"start":{"line":28,"column":23},"end":{"line":28,"column":24}},"loc":{"start":{"line":28,"column":29},"end":{"line":368,"column":1}},"line":28},"1":{"name":"(anonymous_1)","decl":{"start":{"line":36,"column":14},"end":{"line":36,"column":15}},"loc":{"start":{"line":36,"column":20},"end":{"line":39,"column":5}},"line":36},"2":{"name":"(anonymous_2)","decl":{"start":{"line":41,"column":31},"end":{"line":41,"column":32}},"loc":{"start":{"line":41,"column":43},"end":{"line":54,"column":5}},"line":41},"3":{"name":"(anonymous_3)","decl":{"start":{"line":56,"column":29},"end":{"line":56,"column":30}},"loc":{"start":{"line":56,"column":51},"end":{"line":68,"column":5}},"line":56},"4":{"name":"(anonymous_4)","decl":{"start":{"line":203,"column":49},"end":{"line":203,"column":50}},"loc":{"start":{"line":204,"column":36},"end":{"line":226,"column":43}},"line":204},"5":{"name":"(anonymous_5)","decl":{"start":{"line":206,"column":49},"end":{"line":206,"column":50}},"loc":{"start":{"line":206,"column":55},"end":{"line":206,"column":83}},"line":206},"6":{"name":"(anonymous_6)","decl":{"start":{"line":273,"column":52},"end":{"line":273,"column":53}},"loc":{"start":{"line":274,"column":40},"end":{"line":358,"column":53}},"line":274}},"branchMap":{"0":{"loc":{"start":{"line":46,"column":12},"end":{"line":48,"column":13}},"type":"if","locations":[{"start":{"line":46,"column":12},"end":{"line":48,"column":13}},{"start":{},"end":{}}],"line":46},"1":{"loc":{"start":{"line":50,"column":21},"end":{"line":50,"column":79}},"type":"binary-expr","locations":[{"start":{"line":50,"column":21},"end":{"line":50,"column":47}},{"start":{"line":50,"column":51},"end":{"line":50,"column":79}}],"line":50},"2":{"loc":{"start":{"line":70,"column":4},"end":{"line":80,"column":5}},"type":"if","locations":[{"start":{"line":70,"column":4},"end":{"line":80,"column":5}},{"start":{},"end":{}}],"line":70},"3":{"loc":{"start":{"line":82,"column":4},"end":{"line":92,"column":5}},"type":"if","locations":[{"start":{"line":82,"column":4},"end":{"line":92,"column":5}},{"start":{},"end":{}}],"line":82},"4":{"loc":{"start":{"line":94,"column":4},"end":{"line":135,"column":5}},"type":"if","locations":[{"start":{"line":94,"column":4},"end":{"line":135,"column":5}},{"start":{},"end":{}}],"line":94},"5":{"loc":{"start":{"line":209,"column":52},"end":{"line":209,"column":136}},"type":"cond-expr","locations":[{"start":{"line":209,"column":95},"end":{"line":209,"column":114}},{"start":{"line":209,"column":117},"end":{"line":209,"column":136}}],"line":209},"6":{"loc":{"start":{"line":223,"column":49},"end":{"line":223,"column":96}},"type":"binary-expr","locations":[{"start":{"line":223,"column":49},"end":{"line":223,"column":68}},{"start":{"line":223,"column":72},"end":{"line":223,"column":96}}],"line":223},"7":{"loc":{"start":{"line":246,"column":29},"end":{"line":253,"column":29}},"type":"binary-expr","locations":[{"start":{"line":246,"column":29},"end":{"line":246,"column":47}},{"start":{"line":247,"column":32},"end":{"line":252,"column":35}}],"line":246},"8":{"loc":{"start":{"line":255,"column":29},"end":{"line":361,"column":29}},"type":"cond-expr","locations":[{"start":{"line":256,"column":32},"end":{"line":260,"column":38}},{"start":{"line":261,"column":32},"end":{"line":361,"column":29}}],"line":255},"9":{"loc":{"start":{"line":261,"column":32},"end":{"line":361,"column":29}},"type":"cond-expr","locations":[{"start":{"line":262,"column":32},"end":{"line":270,"column":38}},{"start":{"line":272,"column":32},"end":{"line":360,"column":40}}],"line":261},"10":{"loc":{"start":{"line":334,"column":53},"end":{"line":344,"column":53}},"type":"binary-expr","locations":[{"start":{"line":334,"column":53},"end":{"line":334,"column":77}},{"start":{"line":334,"column":81},"end":{"line":334,"column":116}},{"start":{"line":335,"column":56},"end":{"line":343,"column":62}}],"line":334},"11":{"loc":{"start":{"line":346,"column":53},"end":{"line":355,"column":53}},"type":"binary-expr","locations":[{"start":{"line":346,"column":53},"end":{"line":346,"column":74}},{"start":{"line":347,"column":56},"end":{"line":354,"column":62}}],"line":346}},"s":{"0":0,"1":0,"2":0,"3":0,"4":0,"5":0,"6":0,"7":0,"8":0,"9":0,"10":0,"11":0,"12":0,"13":0,"14":0,"15":0,"16":0,"17":0,"18":0,"19":0,"20":0,"21":0,"22":0,"23":0,"24":0,"25":0,"26":0,"27":0,"28":0,"29":0,"30":0,"31":0,"32":0,"33":0,"34":0,"35":0,"36":0},"f":{"0":0,"1":0,"2":0,"3":0,"4":0,"5":0,"6":0},"b":{"0":[0,0],"1":[0,0],"2":[0,0],"3":[0,0],"4":[0,0],"5":[0,0],"6":[0,0],"7":[0,0],"8":[0,0],"9":[0,0],"10":[0,0,0],"11":[0,0]}}
,"/Users/gauthamkrishna/Projects/presidio/skill-sync/skill-sync-frontend/src/pages/CreateInternship.js": {"path":"/Users/gauthamkrishna/Projects/presidio/skill-sync/skill-sync-frontend/src/pages/CreateInternship.js","statementMap":{"0":{"start":{"line":23,"column":25},"end":{"line":326,"column":1}},"1":{"start":{"line":24,"column":21},"end":{"line":24,"column":34}},"2":{"start":{"line":25,"column":34},"end":{"line":25,"column":49}},"3":{"start":{"line":26,"column":30},"end":{"line":26,"column":42}},"4":{"start":{"line":27,"column":40},"end":{"line":27,"column":52}},"5":{"start":{"line":28,"column":36},"end":{"line":35,"column":6}},"6":{"start":{"line":37,"column":25},"end":{"line":43,"column":5}},"7":{"start":{"line":38,"column":8},"end":{"line":41,"column":11}},"8":{"start":{"line":42,"column":8},"end":{"line":42,"column":32}},"9":{"start":{"line":42,"column":19},"end":{"line":42,"column":32}},"10":{"start":{"line":45,"column":32},"end":{"line":56,"column":5}},"11":{"start":{"line":46,"column":8},"end":{"line":55,"column":9}},"12":{"start":{"line":47,"column":12},"end":{"line":47,"column":31}},"13":{"start":{"line":48,"column":12},"end":{"line":53,"column":13}},"14":{"start":{"line":49,"column":16},"end":{"line":52,"column":19}},"15":{"start":{"line":54,"column":12},"end":{"line":54,"column":30}},"16":{"start":{"line":58,"column":30},"end":{"line":63,"column":5}},"17":{"start":{"line":59,"column":8},"end":{"line":62,"column":11}},"18":{"start":{"line":61,"column":72},"end":{"line":61,"column":95}},"19":{"start":{"line":65,"column":25},"end":{"line":87,"column":5}},"20":{"start":{"line":66,"column":8},"end":{"line":66,"column":27}},"21":{"start":{"line":68,"column":8},"end":{"line":71,"column":9}},"22":{"start":{"line":69,"column":12},"end":{"line":69,"column":59}},"23":{"start":{"line":70,"column":12},"end":{"line":70,"column":19}},"24":{"start":{"line":73,"column":8},"end":{"line":73,"column":21}},"25":{"start":{"line":74,"column":8},"end":{"line":74,"column":25}},"26":{"start":{"line":76,"column":8},"end":{"line":86,"column":9}},"27":{"start":{"line":77,"column":12},"end":{"line":77,"column":57}},"28":{"start":{"line":78,"column":12},"end":{"line":78,"column":61}},"29":{"start":{"line":79,"column":12},"end":{"line":79,"column":37}},"30":{"start":{"line":81,"column":33},"end":{"line":81,"column":90}},"31":{"start":{"line":82,"column":12},"end":{"line":82,"column":35}},"32":{"start":{"line":83,"column":12},"end":{"line":83,"column":38}},"33":{"start":{"line":85,"column":12},"end":{"line":85,"column":30}},"34":{"start":{"line":89,"column":4},"end":{"line":325,"column":6}},"35":{"start":{"line":189,"column":45},"end":{"line":189,"column":74}},"36":{"start":{"line":206,"column":40},"end":{"line":217,"column":42}},"37":{"start":{"line":209,"column":60},"end":{"line":209,"column":84}},"38":{"start":{"line":302,"column":47},"end":{"line":302,"column":71}}},"fnMap":{"0":{"name":"(anonymous_0)","decl":{"start":{"line":23,"column":25},"end":{"line":23,"column":26}},"loc":{"start":{"line":23,"column":31},"end":{"line":326,"column":1}},"line":23},"1":{"name":"(anonymous_1)","decl":{"start":{"line":37,"column":25},"end":{"line":37,"column":26}},"loc":{"start":{"line":37,"column":32},"end":{"line":43,"column":5}},"line":37},"2":{"name":"(anonymous_2)","decl":{"start":{"line":45,"column":32},"end":{"line":45,"column":33}},"loc":{"start":{"line":45,"column":39},"end":{"line":56,"column":5}},"line":45},"3":{"name":"(anonymous_3)","decl":{"start":{"line":58,"column":30},"end":{"line":58,"column":31}},"loc":{"start":{"line":58,"column":49},"end":{"line":63,"column":5}},"line":58},"4":{"name":"(anonymous_4)","decl":{"start":{"line":61,"column":61},"end":{"line":61,"column":62}},"loc":{"start":{"line":61,"column":72},"end":{"line":61,"column":95}},"line":61},"5":{"name":"(anonymous_5)","decl":{"start":{"line":65,"column":25},"end":{"line":65,"column":26}},"loc":{"start":{"line":65,"column":38},"end":{"line":87,"column":5}},"line":65},"6":{"name":"(anonymous_6)","decl":{"start":{"line":189,"column":38},"end":{"line":189,"column":39}},"loc":{"start":{"line":189,"column":45},"end":{"line":189,"column":74}},"line":189},"7":{"name":"(anonymous_7)","decl":{"start":{"line":205,"column":66},"end":{"line":205,"column":67}},"loc":{"start":{"line":206,"column":40},"end":{"line":217,"column":42}},"line":206},"8":{"name":"(anonymous_8)","decl":{"start":{"line":209,"column":54},"end":{"line":209,"column":55}},"loc":{"start":{"line":209,"column":60},"end":{"line":209,"column":84}},"line":209},"9":{"name":"(anonymous_9)","decl":{"start":{"line":302,"column":41},"end":{"line":302,"column":42}},"loc":{"start":{"line":302,"column":47},"end":{"line":302,"column":71}},"line":302}},"branchMap":{"0":{"loc":{"start":{"line":42,"column":8},"end":{"line":42,"column":32}},"type":"if","locations":[{"start":{"line":42,"column":8},"end":{"line":42,"column":32}},{"start":{},"end":{}}],"line":42},"1":{"loc":{"start":{"line":46,"column":8},"end":{"line":55,"column":9}},"type":"if","locations":[{"start":{"line":46,"column":8},"end":{"line":55,"column":9}},{"start":{},"end":{}}],"line":46},"2":{"loc":{"start":{"line":46,"column":12},"end":{"line":46,"column":50}},"type":"binary-expr","locations":[{"start":{"line":46,"column":12},"end":{"line":46,"column":29}},{"start":{"line":46,"column":33},"end":{"line":46,"column":50}}],"line":46},"3":{"loc":{"start":{"line":48,"column":12},"end":{"line":53,"column":13}},"type":"if","locations":[{"start":{"line":48,"column":12},"end":{"line":53,"column":13}},{"start":{},"end":{}}],"line":48},"4":{"loc":{"start":{"line":68,"column":8},"end":{"line":71,"column":9}},"type":"if","locations":[{"start":{"line":68,"column":8},"end":{"line":71,"column":9}},{"start":{},"end":{}}],"line":68},"5":{"loc":{"start":{"line":68,"column":12},"end":{"line":68,"column":66}},"type":"binary-expr","locations":[{"start":{"line":68,"column":12},"end":{"line":68,"column":34}},{"start":{"line":68,"column":38},"end":{"line":68,"column":66}}],"line":68},"6":{"loc":{"start":{"line":81,"column":33},"end":{"line":81,"column":90}},"type":"binary-expr","locations":[{"start":{"line":81,"column":33},"end":{"line":81,"column":59}},{"start":{"line":81,"column":63},"end":{"line":81,"column":90}}],"line":81},"7":{"loc":{"start":{"line":135,"column":21},"end":{"line":139,"column":21}},"type":"binary-expr","locations":[{"start":{"line":135,"column":21},"end":{"line":135,"column":26}},{"start":{"line":136,"column":24},"end":{"line":138,"column":32}}],"line":135},"8":{"loc":{"start":{"line":202,"column":25},"end":{"line":221,"column":25}},"type":"binary-expr","locations":[{"start":{"line":202,"column":25},"end":{"line":202,"column":60}},{"start":{"line":203,"column":28},"end":{"line":220,"column":34}}],"line":202},"9":{"loc":{"start":{"line":297,"column":33},"end":{"line":297,"column":117}},"type":"cond-expr","locations":[{"start":{"line":297,"column":43},"end":{"line":297,"column":97}},{"start":{"line":297,"column":100},"end":{"line":297,"column":117}}],"line":297}},"s":{"0":0,"1":0,"2":0,"3":0,"4":0,"5":0,"6":0,"7":0,"8":0,"9":0,"10":0,"11":0,"12":0,"13":0,"14":0,"15":0,"16":0,"17":0,"18":0,"19":0,"20":0,"21":0,"22":0,"23":0,"24":0,"25":0,"26":0,"27":0,"28":0,"29":0,"30":0,"31":0,"32":0,"33":0,"34":0,"35":0,"36":0,"37":0,"38":0},"f":{"0":0,"1":0,"2":0,"3":0,"4":0,"5":0,"6":0,"7":0,"8":0,"9":0},"b":{"0":[0,0],"1":[0,0],"2":[0,0],"3":[0,0],"4":[0,0],"5":[0,0],"6":[0,0],"7":[0,0],"8":[0,0],"9":[0,0]}}
,"/Users/gauthamkrishna/Projects/presidio/skill-sync/skill-sync-frontend/src/pages/Dashboard.js": {"path":"/Users/gauthamkrishna/Projects/presidio/skill-sync/skill-sync-frontend/src/pages/Dashboard.js","statementMap":{"0":{"start":{"line":30,"column":18},"end":{"line":794,"column":1}},"1":{"start":{"line":31,"column":21},"end":{"line":31,"column":34}},"2":{"start":{"line":32,"column":17},"end":{"line":32,"column":45}},"3":{"start":{"line":33,"column":17},"end":{"line":33,"column":42}},"4":{"start":{"line":36,"column":35},"end":{"line":283,"column":5}},"5":{"start":{"line":37,"column":29},"end":{"line":48,"column":9}},"6":{"start":{"line":39,"column":29},"end":{"line":47,"column":13}},"7":{"start":{"line":50,"column":8},"end":{"line":282,"column":10}},"8":{"start":{"line":114,"column":51},"end":{"line":114,"column":77}},"9":{"start":{"line":187,"column":51},"end":{"line":187,"column":75}},"10":{"start":{"line":260,"column":51},"end":{"line":260,"column":79}},"11":{"start":{"line":285,"column":35},"end":{"line":482,"column":5}},"12":{"start":{"line":286,"column":8},"end":{"line":481,"column":15}},"13":{"start":{"line":331,"column":43},"end":{"line":331,"column":74}},"14":{"start":{"line":396,"column":43},"end":{"line":396,"column":67}},"15":{"start":{"line":461,"column":43},"end":{"line":461,"column":71}},"16":{"start":{"line":484,"column":33},"end":{"line":681,"column":5}},"17":{"start":{"line":485,"column":8},"end":{"line":680,"column":15}},"18":{"start":{"line":530,"column":43},"end":{"line":530,"column":67}},"19":{"start":{"line":595,"column":43},"end":{"line":595,"column":67}},"20":{"start":{"line":660,"column":43},"end":{"line":660,"column":71}},"21":{"start":{"line":683,"column":24},"end":{"line":694,"column":5}},"22":{"start":{"line":684,"column":8},"end":{"line":693,"column":9}},"23":{"start":{"line":686,"column":16},"end":{"line":686,"column":97}},"24":{"start":{"line":688,"column":16},"end":{"line":688,"column":92}},"25":{"start":{"line":690,"column":16},"end":{"line":690,"column":89}},"26":{"start":{"line":692,"column":16},"end":{"line":692,"column":97}},"27":{"start":{"line":696,"column":25},"end":{"line":707,"column":5}},"28":{"start":{"line":697,"column":8},"end":{"line":706,"column":9}},"29":{"start":{"line":699,"column":16},"end":{"line":699,"column":33}},"30":{"start":{"line":701,"column":16},"end":{"line":701,"column":33}},"31":{"start":{"line":703,"column":16},"end":{"line":703,"column":31}},"32":{"start":{"line":705,"column":16},"end":{"line":705,"column":33}},"33":{"start":{"line":709,"column":4},"end":{"line":793,"column":6}}},"fnMap":{"0":{"name":"(anonymous_0)","decl":{"start":{"line":30,"column":18},"end":{"line":30,"column":19}},"loc":{"start":{"line":30,"column":24},"end":{"line":794,"column":1}},"line":30},"1":{"name":"(anonymous_1)","decl":{"start":{"line":36,"column":35},"end":{"line":36,"column":36}},"loc":{"start":{"line":36,"column":41},"end":{"line":283,"column":5}},"line":36},"2":{"name":"(anonymous_2)","decl":{"start":{"line":39,"column":21},"end":{"line":39,"column":22}},"loc":{"start":{"line":39,"column":29},"end":{"line":47,"column":13}},"line":39},"3":{"name":"(anonymous_3)","decl":{"start":{"line":114,"column":45},"end":{"line":114,"column":46}},"loc":{"start":{"line":114,"column":51},"end":{"line":114,"column":77}},"line":114},"4":{"name":"(anonymous_4)","decl":{"start":{"line":187,"column":45},"end":{"line":187,"column":46}},"loc":{"start":{"line":187,"column":51},"end":{"line":187,"column":75}},"line":187},"5":{"name":"(anonymous_5)","decl":{"start":{"line":260,"column":45},"end":{"line":260,"column":46}},"loc":{"start":{"line":260,"column":51},"end":{"line":260,"column":79}},"line":260},"6":{"name":"(anonymous_6)","decl":{"start":{"line":285,"column":35},"end":{"line":285,"column":36}},"loc":{"start":{"line":286,"column":8},"end":{"line":481,"column":15}},"line":286},"7":{"name":"(anonymous_7)","decl":{"start":{"line":331,"column":37},"end":{"line":331,"column":38}},"loc":{"start":{"line":331,"column":43},"end":{"line":331,"column":74}},"line":331},"8":{"name":"(anonymous_8)","decl":{"start":{"line":396,"column":37},"end":{"line":396,"column":38}},"loc":{"start":{"line":396,"column":43},"end":{"line":396,"column":67}},"line":396},"9":{"name":"(anonymous_9)","decl":{"start":{"line":461,"column":37},"end":{"line":461,"column":38}},"loc":{"start":{"line":461,"column":43},"end":{"line":461,"column":71}},"line":461},"10":{"name":"(anonymous_10)","decl":{"start":{"line":484,"column":33},"end":{"line":484,"column":34}},"loc":{"start":{"line":485,"column":8},"end":{"line":680,"column":15}},"line":485},"11":{"name":"(anonymous_11)","decl":{"start":{"line":530,"column":37},"end":{"line":530,"column":38}},"loc":{"start":{"line":530,"column":43},"end":{"line":530,"column":67}},"line":530},"12":{"name":"(anonymous_12)","decl":{"start":{"line":595,"column":37},"end":{"line":595,"column":38}},"loc":{"start":{"line":595,"column":43},"end":{"line":595,"column":67}},"line":595},"13":{"name":"(anonymous_13)","decl":{"start":{"line":660,"column":37},"end":{"line":660,"column":38}},"loc":{"start":{"line":660,"column":43},"end":{"line":660,"column":71}},"line":660},"14":{"name":"(anonymous_14)","decl":{"start":{"line":683,"column":24},"end":{"line":683,"column":25}},"loc":{"start":{"line":683,"column":30},"end":{"line":694,"column":5}},"line":683},"15":{"name":"(anonymous_15)","decl":{"start":{"line":696,"column":25},"end":{"line":696,"column":26}},"loc":{"start":{"line":696,"column":31},"end":{"line":707,"column":5}},"line":696}},"branchMap":{"0":{"loc":{"start":{"line":684,"column":8},"end":{"line":693,"column":9}},"type":"switch","locations":[{"start":{"line":685,"column":12},"end":{"line":686,"column":97}},{"start":{"line":687,"column":12},"end":{"line":688,"column":92}},{"start":{"line":689,"column":12},"end":{"line":690,"column":89}},{"start":{"line":691,"column":12},"end":{"line":692,"column":97}}],"line":684},"1":{"loc":{"start":{"line":697,"column":8},"end":{"line":706,"column":9}},"type":"switch","locations":[{"start":{"line":698,"column":12},"end":{"line":699,"column":33}},{"start":{"line":700,"column":12},"end":{"line":701,"column":33}},{"start":{"line":702,"column":12},"end":{"line":703,"column":31}},{"start":{"line":704,"column":12},"end":{"line":705,"column":33}}],"line":697},"2":{"loc":{"start":{"line":752,"column":47},"end":{"line":752,"column":72}},"type":"binary-expr","locations":[{"start":{"line":752,"column":47},"end":{"line":752,"column":62}},{"start":{"line":752,"column":66},"end":{"line":752,"column":72}}],"line":752},"3":{"loc":{"start":{"line":762,"column":33},"end":{"line":762,"column":53}},"type":"binary-expr","locations":[{"start":{"line":762,"column":33},"end":{"line":762,"column":44}},{"start":{"line":762,"column":48},"end":{"line":762,"column":53}}],"line":762},"4":{"loc":{"start":{"line":765,"column":39},"end":{"line":765,"column":58}},"type":"binary-expr","locations":[{"start":{"line":765,"column":39},"end":{"line":765,"column":49}},{"start":{"line":765,"column":53},"end":{"line":765,"column":58}}],"line":765},"5":{"loc":{"start":{"line":780,"column":17},"end":{"line":780,"column":63}},"type":"binary-expr","locations":[{"start":{"line":780,"column":17},"end":{"line":780,"column":35}},{"start":{"line":780,"column":39},"end":{"line":780,"column":63}}],"line":780},"6":{"loc":{"start":{"line":781,"column":17},"end":{"line":781,"column":63}},"type":"binary-expr","locations":[{"start":{"line":781,"column":17},"end":{"line":781,"column":35}},{"start":{"line":781,"column":39},"end":{"line":781,"column":63}}],"line":781},"7":{"loc":{"start":{"line":782,"column":17},"end":{"line":782,"column":59}},"type":"binary-expr","locations":[{"start":{"line":782,"column":17},"end":{"line":782,"column":33}},{"start":{"line":782,"column":37},"end":{"line":782,"column":59}}],"line":782},"8":{"loc":{"start":{"line":784,"column":17},"end":{"line":790,"column":17}},"type":"binary-expr","locations":[{"start":{"line":784,"column":17},"end":{"line":784,"column":64}},{"start":{"line":785,"column":20},"end":{"line":789,"column":28}}],"line":784}},"s":{"0":0,"1":0,"2":0,"3":0,"4":0,"5":0,"6":0,"7":0,"8":0,"9":0,"10":0,"11":0,"12":0,"13":0,"14":0,"15":0,"16":0,"17":0,"18":0,"19":0,"20":0,"21":0,"22":0,"23":0,"24":0,"25":0,"26":0,"27":0,"28":0,"29":0,"30":0,"31":0,"32":0,"33":0},"f":{"0":0,"1":0,"2":0,"3":0,"4":0,"5":0,"6":0,"7":0,"8":0,"9":0,"10":0,"11":0,"12":0,"13":0,"14":0,"15":0},"b":{"0":[0,0,0,0],"1":[0,0,0,0],"2":[0,0],"3":[0,0],"4":[0,0],"5":[0,0],"6":[0,0],"7":[0,0],"8":[0,0]}}
,"/Users/gauthamkrishna/Projects/presidio/skill-sync/skill-sync-frontend/src/pages/InternshipList.js": {"path":"/Users/gauthamkrishna/Projects/presidio/skill-sync/skill-sync-frontend/src/pages/InternshipList.js","statementMap":{"0":{"start":{"line":27,"column":23},"end":{"line":333,"column":1}},"1":{"start":{"line":28,"column":21},"end":{"line":28,"column":34}},"2":{"start":{"line":29,"column":42},"end":{"line":29,"column":54}},"3":{"start":{"line":30,"column":58},"end":{"line":30,"column":70}},"4":{"start":{"line":31,"column":34},"end":{"line":31,"column":48}},"5":{"start":{"line":32,"column":30},"end":{"line":32,"column":42}},"6":{"start":{"line":33,"column":42},"end":{"line":33,"column":54}},"7":{"start":{"line":34,"column":36},"end":{"line":34,"column":48}},"8":{"start":{"line":36,"column":4},"end":{"line":41,"column":11}},"9":{"start":{"line":38,"column":21},"end":{"line":38,"column":69}},"10":{"start":{"line":39,"column":8},"end":{"line":39,"column":37}},"11":{"start":{"line":40,"column":8},"end":{"line":40,"column":36}},"12":{"start":{"line":43,"column":4},"end":{"line":61,"column":35}},"13":{"start":{"line":45,"column":8},"end":{"line":60,"column":9}},"14":{"start":{"line":46,"column":12},"end":{"line":46,"column":48}},"15":{"start":{"line":48,"column":26},"end":{"line":48,"column":51}},"16":{"start":{"line":49,"column":29},"end":{"line":58,"column":13}},"17":{"start":{"line":51,"column":20},"end":{"line":57,"column":21}},"18":{"start":{"line":56,"column":24},"end":{"line":56,"column":59}},"19":{"start":{"line":59,"column":12},"end":{"line":59,"column":45}},"20":{"start":{"line":63,"column":29},"end":{"line":79,"column":5}},"21":{"start":{"line":64,"column":8},"end":{"line":64,"column":25}},"22":{"start":{"line":65,"column":8},"end":{"line":65,"column":21}},"23":{"start":{"line":66,"column":8},"end":{"line":78,"column":9}},"24":{"start":{"line":69,"column":29},"end":{"line":69,"column":93}},"25":{"start":{"line":70,"column":29},"end":{"line":70,"column":58}},"26":{"start":{"line":71,"column":12},"end":{"line":71,"column":42}},"27":{"start":{"line":72,"column":12},"end":{"line":72,"column":50}},"28":{"start":{"line":74,"column":12},"end":{"line":74,"column":62}},"29":{"start":{"line":75,"column":12},"end":{"line":75,"column":81}},"30":{"start":{"line":77,"column":12},"end":{"line":77,"column":30}},"31":{"start":{"line":81,"column":24},"end":{"line":84,"column":5}},"32":{"start":{"line":83,"column":8},"end":{"line":83,"column":69}},"33":{"start":{"line":86,"column":4},"end":{"line":332,"column":6}},"34":{"start":{"line":106,"column":41},"end":{"line":106,"column":71}},"35":{"start":{"line":130,"column":91},"end":{"line":130,"column":103}},"36":{"start":{"line":153,"column":32},"end":{"line":325,"column":39}},"37":{"start":{"line":280,"column":60},"end":{"line":293,"column":62}},"38":{"start":{"line":304,"column":63},"end":{"line":304,"column":89}}},"fnMap":{"0":{"name":"(anonymous_0)","decl":{"start":{"line":27,"column":23},"end":{"line":27,"column":24}},"loc":{"start":{"line":27,"column":29},"end":{"line":333,"column":1}},"line":27},"1":{"name":"(anonymous_1)","decl":{"start":{"line":36,"column":14},"end":{"line":36,"column":15}},"loc":{"start":{"line":36,"column":20},"end":{"line":41,"column":5}},"line":36},"2":{"name":"(anonymous_2)","decl":{"start":{"line":43,"column":14},"end":{"line":43,"column":15}},"loc":{"start":{"line":43,"column":20},"end":{"line":61,"column":5}},"line":43},"3":{"name":"(anonymous_3)","decl":{"start":{"line":50,"column":16},"end":{"line":50,"column":17}},"loc":{"start":{"line":51,"column":20},"end":{"line":57,"column":21}},"line":51},"4":{"name":"(anonymous_4)","decl":{"start":{"line":55,"column":53},"end":{"line":55,"column":54}},"loc":{"start":{"line":56,"column":24},"end":{"line":56,"column":59}},"line":56},"5":{"name":"(anonymous_5)","decl":{"start":{"line":63,"column":29},"end":{"line":63,"column":30}},"loc":{"start":{"line":63,"column":45},"end":{"line":79,"column":5}},"line":63},"6":{"name":"(anonymous_6)","decl":{"start":{"line":81,"column":24},"end":{"line":81,"column":25}},"loc":{"start":{"line":81,"column":42},"end":{"line":84,"column":5}},"line":81},"7":{"name":"(anonymous_7)","decl":{"start":{"line":106,"column":34},"end":{"line":106,"column":35}},"loc":{"start":{"line":106,"column":41},"end":{"line":106,"column":71}},"line":106},"8":{"name":"(anonymous_8)","decl":{"start":{"line":130,"column":85},"end":{"line":130,"column":86}},"loc":{"start":{"line":130,"column":91},"end":{"line":130,"column":103}},"line":130},"9":{"name":"(anonymous_9)","decl":{"start":{"line":152,"column":53},"end":{"line":152,"column":54}},"loc":{"start":{"line":153,"column":32},"end":{"line":325,"column":39}},"line":153},"10":{"name":"(anonymous_10)","decl":{"start":{"line":279,"column":88},"end":{"line":279,"column":89}},"loc":{"start":{"line":280,"column":60},"end":{"line":293,"column":62}},"line":280},"11":{"name":"(anonymous_11)","decl":{"start":{"line":304,"column":57},"end":{"line":304,"column":58}},"loc":{"start":{"line":304,"column":63},"end":{"line":304,"column":89}},"line":304}},"branchMap":{"0":{"loc":{"start":{"line":38,"column":32},"end":{"line":38,"column":68}},"type":"binary-expr","locations":[{"start":{"line":38,"column":32},"end":{"line":38,"column":60}},{"start":{"line":38,"column":64},"end":{"line":38,"column":68}}],"line":38},"1":{"loc":{"start":{"line":39,"column":20},"end":{"line":39,"column":35}},"type":"binary-expr","locations":[{"start":{"line":39,"column":20},"end":{"line":39,"column":29}},{"start":{"line":39,"column":33},"end":{"line":39,"column":35}}],"line":39},"2":{"loc":{"start":{"line":45,"column":8},"end":{"line":60,"column":9}},"type":"if","locations":[{"start":{"line":45,"column":8},"end":{"line":60,"column":9}},{"start":{"line":47,"column":15},"end":{"line":60,"column":9}}],"line":45},"3":{"loc":{"start":{"line":51,"column":20},"end":{"line":57,"column":21}},"type":"binary-expr","locations":[{"start":{"line":51,"column":20},"end":{"line":51,"column":66}},{"start":{"line":52,"column":20},"end":{"line":52,"column":72}},{"start":{"line":53,"column":20},"end":{"line":53,"column":74}},{"start":{"line":54,"column":20},"end":{"line":54,"column":70}},{"start":{"line":55,"column":20},"end":{"line":57,"column":21}}],"line":51},"4":{"loc":{"start":{"line":69,"column":29},"end":{"line":69,"column":93}},"type":"cond-expr","locations":[{"start":{"line":69,"column":50},"end":{"line":69,"column":72}},{"start":{"line":69,"column":75},"end":{"line":69,"column":93}}],"line":69},"5":{"loc":{"start":{"line":75,"column":21},"end":{"line":75,"column":79}},"type":"binary-expr","locations":[{"start":{"line":75,"column":21},"end":{"line":75,"column":47}},{"start":{"line":75,"column":51},"end":{"line":75,"column":79}}],"line":75},"6":{"loc":{"start":{"line":129,"column":17},"end":{"line":133,"column":17}},"type":"binary-expr","locations":[{"start":{"line":129,"column":17},"end":{"line":129,"column":22}},{"start":{"line":130,"column":20},"end":{"line":132,"column":28}}],"line":129},"7":{"loc":{"start":{"line":136,"column":17},"end":{"line":329,"column":17}},"type":"cond-expr","locations":[{"start":{"line":137,"column":20},"end":{"line":139,"column":26}},{"start":{"line":140,"column":20},"end":{"line":329,"column":17}}],"line":136},"8":{"loc":{"start":{"line":140,"column":20},"end":{"line":329,"column":17}},"type":"cond-expr","locations":[{"start":{"line":141,"column":20},"end":{"line":145,"column":28}},{"start":{"line":147,"column":20},"end":{"line":328,"column":23}}],"line":140},"9":{"loc":{"start":{"line":142,"column":25},"end":{"line":144,"column":89}},"type":"cond-expr","locations":[{"start":{"line":143,"column":30},"end":{"line":143,"column":74}},{"start":{"line":144,"column":30},"end":{"line":144,"column":89}}],"line":142},"10":{"loc":{"start":{"line":149,"column":29},"end":{"line":149,"column":100}},"type":"cond-expr","locations":[{"start":{"line":149,"column":54},"end":{"line":149,"column":77}},{"start":{"line":149,"column":80},"end":{"line":149,"column":100}}],"line":149},"11":{"loc":{"start":{"line":149,"column":134},"end":{"line":149,"column":197}},"type":"cond-expr","locations":[{"start":{"line":149,"column":169},"end":{"line":149,"column":181}},{"start":{"line":149,"column":184},"end":{"line":149,"column":197}}],"line":149},"12":{"loc":{"start":{"line":203,"column":53},"end":{"line":213,"column":53}},"type":"binary-expr","locations":[{"start":{"line":203,"column":53},"end":{"line":203,"column":76}},{"start":{"line":204,"column":56},"end":{"line":212,"column":69}}],"line":203},"13":{"loc":{"start":{"line":233,"column":45},"end":{"line":240,"column":45}},"type":"binary-expr","locations":[{"start":{"line":233,"column":45},"end":{"line":233,"column":64}},{"start":{"line":234,"column":48},"end":{"line":239,"column":54}}],"line":233},"14":{"loc":{"start":{"line":243,"column":45},"end":{"line":250,"column":45}},"type":"binary-expr","locations":[{"start":{"line":243,"column":45},"end":{"line":243,"column":64}},{"start":{"line":244,"column":48},"end":{"line":249,"column":54}}],"line":243},"15":{"loc":{"start":{"line":253,"column":45},"end":{"line":260,"column":45}},"type":"binary-expr","locations":[{"start":{"line":253,"column":45},"end":{"line":253,"column":63}},{"start":{"line":254,"column":48},"end":{"line":259,"column":54}}],"line":253},"16":{"loc":{"start":{"line":263,"column":45},"end":{"line":297,"column":45}},"type":"binary-expr","locations":[{"start":{"line":263,"column":45},"end":{"line":263,"column":71}},{"start":{"line":263,"column":75},"end":{"line":263,"column":112}},{"start":{"line":264,"column":48},"end":{"line":296,"column":54}}],"line":263},"17":{"loc":{"start":{"line":321,"column":49},"end":{"line":321,"column":102}},"type":"cond-expr","locations":[{"start":{"line":321,"column":74},"end":{"line":321,"column":88}},{"start":{"line":321,"column":91},"end":{"line":321,"column":102}}],"line":321}},"s":{"0":0,"1":0,"2":0,"3":0,"4":0,"5":0,"6":0,"7":0,"8":0,"9":0,"10":0,"11":0,"12":0,"13":0,"14":0,"15":0,"16":0,"17":0,"18":0,"19":0,"20":0,"21":0,"22":0,"23":0,"24":0,"25":0,"26":0,"27":0,"28":0,"29":0,"30":0,"31":0,"32":0,"33":0,"34":0,"35":0,"36":0,"37":0,"38":0},"f":{"0":0,"1":0,"2":0,"3":0,"4":0,"5":0,"6":0,"7":0,"8":0,"9":0,"10":0,"11":0},"b":{"0":[0,0],"1":[0,0],"2":[0,0],"3":[0,0,0,0,0],"4":[0,0],"5":[0,0],"6":[0,0],"7":[0,0],"8":[0,0],"9":[0,0],"10":[0,0],"11":[0,0],"12":[0,0],"13":[0,0],"14":[0,0],"15":[0,0],"16":[0,0,0],"17":[0,0]}}
,"/Users/gauthamkrishna/Projects/presidio/skill-sync/skill-sync-frontend/src/pages/Login.js": {"path":"/Users/gauthamkrishna/Projects/presidio/skill-sync/skill-sync-frontend/src/pages/Login.js","statementMap":{"0":{"start":{"line":20,"column":14},"end":{"line":231,"column":1}},"1":{"start":{"line":21,"column":21},"end":{"line":21,"column":34}},"2":{"start":{"line":22,"column":36},"end":{"line":25,"column":6}},"3":{"start":{"line":26,"column":34},"end":{"line":26,"column":49}},"4":{"start":{"line":27,"column":30},"end":{"line":27,"column":42}},"5":{"start":{"line":29,"column":25},"end":{"line":35,"column":5}},"6":{"start":{"line":30,"column":8},"end":{"line":33,"column":11}},"7":{"start":{"line":34,"column":8},"end":{"line":34,"column":32}},"8":{"start":{"line":34,"column":19},"end":{"line":34,"column":32}},"9":{"start":{"line":37,"column":25},"end":{"line":52,"column":5}},"10":{"start":{"line":38,"column":8},"end":{"line":38,"column":27}},"11":{"start":{"line":39,"column":8},"end":{"line":39,"column":21}},"12":{"start":{"line":40,"column":8},"end":{"line":40,"column":25}},"13":{"start":{"line":42,"column":8},"end":{"line":51,"column":9}},"14":{"start":{"line":43,"column":12},"end":{"line":43,"column":71}},"15":{"start":{"line":44,"column":12},"end":{"line":44,"column":61}},"16":{"start":{"line":45,"column":12},"end":{"line":45,"column":35}},"17":{"start":{"line":47,"column":12},"end":{"line":47,"column":34}},"18":{"start":{"line":48,"column":12},"end":{"line":48,"column":55}},"19":{"start":{"line":50,"column":12},"end":{"line":50,"column":30}},"20":{"start":{"line":54,"column":4},"end":{"line":230,"column":6}}},"fnMap":{"0":{"name":"(anonymous_0)","decl":{"start":{"line":20,"column":14},"end":{"line":20,"column":15}},"loc":{"start":{"line":20,"column":20},"end":{"line":231,"column":1}},"line":20},"1":{"name":"(anonymous_1)","decl":{"start":{"line":29,"column":25},"end":{"line":29,"column":26}},"loc":{"start":{"line":29,"column":32},"end":{"line":35,"column":5}},"line":29},"2":{"name":"(anonymous_2)","decl":{"start":{"line":37,"column":25},"end":{"line":37,"column":26}},"loc":{"start":{"line":37,"column":38},"end":{"line":52,"column":5}},"line":37}},"branchMap":{"0":{"loc":{"start":{"line":34,"column":8},"end":{"line":34,"column":32}},"type":"if","locations":[{"start":{"line":34,"column":8},"end":{"line":34,"column":32}},{"start":{},"end":{}}],"line":34},"1":{"loc":{"start":{"line":48,"column":24},"end":{"line":48,"column":53}},"type":"binary-expr","locations":[{"start":{"line":48,"column":24},"end":{"line":48,"column":35}},{"start":{"line":48,"column":39},"end":{"line":48,"column":53}}],"line":48},"2":{"loc":{"start":{"line":129,"column":25},"end":{"line":133,"column":25}},"type":"binary-expr","locations":[{"start":{"line":129,"column":25},"end":{"line":129,"column":30}},{"start":{"line":130,"column":28},"end":{"line":132,"column":36}}],"line":129},"3":{"loc":{"start":{"line":210,"column":33},"end":{"line":210,"column":109}},"type":"cond-expr","locations":[{"start":{"line":210,"column":43},"end":{"line":210,"column":97}},{"start":{"line":210,"column":100},"end":{"line":210,"column":109}}],"line":210}},"s":{"0":0,"1":0,"2":0,"3":0,"4":0,"5":0,"6":0,"7":0,"8":0,"9":0,"10":0,"11":0,"12":0,"13":0,"14":0,"15":0,"16":0,"17":0,"18":0,"19":0,"20":0},"f":{"0":0,"1":0,"2":0},"b":{"0":[0,0],"1":[0,0],"2":[0,0],"3":[0,0]}}
,"/Users/gauthamkrishna/Projects/presidio/skill-sync/skill-sync-frontend/src/pages/ManageUsers.js": {"path":"/Users/gauthamkrishna/Projects/presidio/skill-sync/skill-sync-frontend/src/pages/ManageUsers.js","statementMap":{"0":{"start":{"line":31,"column":20},"end":{"line":355,"column":1}},"1":{"start":{"line":32,"column":30},"end":{"line":32,"column":42}},"2":{"start":{"line":33,"column":46},"end":{"line":33,"column":58}},"3":{"start":{"line":34,"column":34},"end":{"line":34,"column":48}},"4":{"start":{"line":35,"column":30},"end":{"line":35,"column":42}},"5":{"start":{"line":36,"column":40},"end":{"line":36,"column":52}},"6":{"start":{"line":38,"column":4},"end":{"line":40,"column":11}},"7":{"start":{"line":39,"column":8},"end":{"line":39,"column":21}},"8":{"start":{"line":42,"column":4},"end":{"line":54,"column":28}},"9":{"start":{"line":43,"column":8},"end":{"line":53,"column":9}},"10":{"start":{"line":44,"column":29},"end":{"line":49,"column":13}},"11":{"start":{"line":46,"column":20},"end":{"line":48,"column":78}},"12":{"start":{"line":50,"column":12},"end":{"line":50,"column":39}},"13":{"start":{"line":52,"column":12},"end":{"line":52,"column":36}},"14":{"start":{"line":56,"column":23},"end":{"line":92,"column":5}},"15":{"start":{"line":57,"column":8},"end":{"line":91,"column":9}},"16":{"start":{"line":58,"column":12},"end":{"line":58,"column":29}},"17":{"start":{"line":64,"column":29},"end":{"line":64,"column":57}},"18":{"start":{"line":65,"column":12},"end":{"line":65,"column":36}},"19":{"start":{"line":66,"column":12},"end":{"line":66,"column":44}},"20":{"start":{"line":68,"column":12},"end":{"line":68,"column":56}},"21":{"start":{"line":69,"column":12},"end":{"line":69,"column":88}},"22":{"start":{"line":71,"column":30},"end":{"line":86,"column":13}},"23":{"start":{"line":87,"column":12},"end":{"line":87,"column":32}},"24":{"start":{"line":88,"column":12},"end":{"line":88,"column":40}},"25":{"start":{"line":90,"column":12},"end":{"line":90,"column":30}},"26":{"start":{"line":94,"column":24},"end":{"line":105,"column":5}},"27":{"start":{"line":95,"column":8},"end":{"line":104,"column":9}},"28":{"start":{"line":97,"column":16},"end":{"line":97,"column":78}},"29":{"start":{"line":99,"column":16},"end":{"line":99,"column":80}},"30":{"start":{"line":101,"column":16},"end":{"line":101,"column":77}},"31":{"start":{"line":103,"column":16},"end":{"line":103,"column":60}},"32":{"start":{"line":107,"column":25},"end":{"line":134,"column":5}},"33":{"start":{"line":108,"column":8},"end":{"line":133,"column":9}},"34":{"start":{"line":110,"column":16},"end":{"line":114,"column":18}},"35":{"start":{"line":116,"column":16},"end":{"line":120,"column":18}},"36":{"start":{"line":122,"column":16},"end":{"line":126,"column":18}},"37":{"start":{"line":128,"column":16},"end":{"line":132,"column":18}},"38":{"start":{"line":136,"column":23},"end":{"line":142,"column":5}},"39":{"start":{"line":137,"column":8},"end":{"line":141,"column":11}},"40":{"start":{"line":144,"column":4},"end":{"line":154,"column":5}},"41":{"start":{"line":145,"column":8},"end":{"line":153,"column":10}},"42":{"start":{"line":156,"column":4},"end":{"line":354,"column":6}},"43":{"start":{"line":226,"column":41},"end":{"line":226,"column":70}},"44":{"start":{"line":278,"column":36},"end":{"line":346,"column":47}}},"fnMap":{"0":{"name":"(anonymous_0)","decl":{"start":{"line":31,"column":20},"end":{"line":31,"column":21}},"loc":{"start":{"line":31,"column":26},"end":{"line":355,"column":1}},"line":31},"1":{"name":"(anonymous_1)","decl":{"start":{"line":38,"column":14},"end":{"line":38,"column":15}},"loc":{"start":{"line":38,"column":20},"end":{"line":40,"column":5}},"line":38},"2":{"name":"(anonymous_2)","decl":{"start":{"line":42,"column":14},"end":{"line":42,"column":15}},"loc":{"start":{"line":42,"column":20},"end":{"line":54,"column":5}},"line":42},"3":{"name":"(anonymous_3)","decl":{"start":{"line":45,"column":16},"end":{"line":45,"column":17}},"loc":{"start":{"line":46,"column":20},"end":{"line":48,"column":78}},"line":46},"4":{"name":"(anonymous_4)","decl":{"start":{"line":56,"column":23},"end":{"line":56,"column":24}},"loc":{"start":{"line":56,"column":35},"end":{"line":92,"column":5}},"line":56},"5":{"name":"(anonymous_5)","decl":{"start":{"line":94,"column":24},"end":{"line":94,"column":25}},"loc":{"start":{"line":94,"column":34},"end":{"line":105,"column":5}},"line":94},"6":{"name":"(anonymous_6)","decl":{"start":{"line":107,"column":25},"end":{"line":107,"column":26}},"loc":{"start":{"line":107,"column":35},"end":{"line":134,"column":5}},"line":107},"7":{"name":"(anonymous_7)","decl":{"start":{"line":136,"column":23},"end":{"line":136,"column":24}},"loc":{"start":{"line":136,"column":39},"end":{"line":142,"column":5}},"line":136},"8":{"name":"(anonymous_8)","decl":{"start":{"line":226,"column":34},"end":{"line":226,"column":35}},"loc":{"start":{"line":226,"column":41},"end":{"line":226,"column":70}},"line":226},"9":{"name":"(anonymous_9)","decl":{"start":{"line":277,"column":50},"end":{"line":277,"column":51}},"loc":{"start":{"line":278,"column":36},"end":{"line":346,"column":47}},"line":278}},"branchMap":{"0":{"loc":{"start":{"line":43,"column":8},"end":{"line":53,"column":9}},"type":"if","locations":[{"start":{"line":43,"column":8},"end":{"line":53,"column":9}},{"start":{"line":51,"column":15},"end":{"line":53,"column":9}}],"line":43},"1":{"loc":{"start":{"line":46,"column":20},"end":{"line":48,"column":78}},"type":"binary-expr","locations":[{"start":{"line":46,"column":20},"end":{"line":46,"column":83}},{"start":{"line":47,"column":20},"end":{"line":47,"column":79}},{"start":{"line":48,"column":20},"end":{"line":48,"column":78}}],"line":46},"2":{"loc":{"start":{"line":95,"column":8},"end":{"line":104,"column":9}},"type":"switch","locations":[{"start":{"line":96,"column":12},"end":{"line":97,"column":78}},{"start":{"line":98,"column":12},"end":{"line":99,"column":80}},{"start":{"line":100,"column":12},"end":{"line":101,"column":77}},{"start":{"line":102,"column":12},"end":{"line":103,"column":60}}],"line":95},"3":{"loc":{"start":{"line":108,"column":8},"end":{"line":133,"column":9}},"type":"switch","locations":[{"start":{"line":109,"column":12},"end":{"line":114,"column":18}},{"start":{"line":115,"column":12},"end":{"line":120,"column":18}},{"start":{"line":121,"column":12},"end":{"line":126,"column":18}},{"start":{"line":127,"column":12},"end":{"line":132,"column":18}}],"line":108},"4":{"loc":{"start":{"line":144,"column":4},"end":{"line":154,"column":5}},"type":"if","locations":[{"start":{"line":144,"column":4},"end":{"line":154,"column":5}},{"start":{},"end":{}}],"line":144},"5":{"loc":{"start":{"lin
[...]
mn":28}},"loc":{"start":{"line":58,"column":39},"end":{"line":69,"column":5}},"line":58},"3":{"name":"(anonymous_3)","decl":{"start":{"line":71,"column":29},"end":{"line":71,"column":30}},"loc":{"start":{"line":71,"column":40},"end":{"line":97,"column":5}},"line":71},"4":{"name":"(anonymous_4)","decl":{"start":{"line":99,"column":25},"end":{"line":99,"column":26}},"loc":{"start":{"line":99,"column":37},"end":{"line":135,"column":5}},"line":99},"5":{"name":"(anonymous_5)","decl":{"start":{"line":137,"column":25},"end":{"line":137,"column":26}},"loc":{"start":{"line":137,"column":45},"end":{"line":153,"column":5}},"line":137},"6":{"name":"(anonymous_6)","decl":{"start":{"line":155,"column":28},"end":{"line":155,"column":29}},"loc":{"start":{"line":155,"column":48},"end":{"line":166,"column":5}},"line":155},"7":{"name":"(anonymous_7)","decl":{"start":{"line":168,"column":31},"end":{"line":168,"column":32}},"loc":{"start":{"line":168,"column":45},"end":{"line":173,"column":5}},"line":168},"8":{"name":"(anonymous_8)","decl":{"start":{"line":169,"column":27},"end":{"line":169,"column":28}},"loc":{"start":{"line":169,"column":36},"end":{"line":172,"column":9}},"line":169},"9":{"name":"(anonymous_9)","decl":{"start":{"line":175,"column":23},"end":{"line":175,"column":24}},"loc":{"start":{"line":175,"column":30},"end":{"line":183,"column":5}},"line":175},"10":{"name":"(anonymous_10)","decl":{"start":{"line":185,"column":23},"end":{"line":185,"column":24}},"loc":{"start":{"line":185,"column":30},"end":{"line":216,"column":5}},"line":185},"11":{"name":"(anonymous_11)","decl":{"start":{"line":272,"column":37},"end":{"line":272,"column":38}},"loc":{"start":{"line":272,"column":43},"end":{"line":272,"column":55}},"line":272},"12":{"name":"(anonymous_12)","decl":{"start":{"line":282,"column":37},"end":{"line":282,"column":38}},"loc":{"start":{"line":282,"column":43},"end":{"line":282,"column":57}},"line":282},"13":{"name":"(anonymous_13)","decl":{"start":{"line":463,"column":43},"end":{"line":463,"column":44}},"loc":{"start":{"line":463,"column":55},"end":{"line":626,"column":29}},"line":463},"14":{"name":"(anonymous_14)","decl":{"start":{"line":507,"column":69},"end":{"line":507,"column":70}},"loc":{"start":{"line":507,"column":75},"end":{"line":507,"column":101}},"line":507},"15":{"name":"(anonymous_15)","decl":{"start":{"line":571,"column":73},"end":{"line":571,"column":74}},"loc":{"start":{"line":571,"column":79},"end":{"line":571,"column":108}},"line":571},"16":{"name":"(anonymous_16)","decl":{"start":{"line":586,"column":75},"end":{"line":586,"column":76}},"loc":{"start":{"line":587,"column":60},"end":{"line":600,"column":62}},"line":587},"17":{"name":"(anonymous_17)","decl":{"start":{"line":612,"column":65},"end":{"line":612,"column":66}},"loc":{"start":{"line":612,"column":71},"end":{"line":612,"column":94}},"line":612}},"branchMap":{"0":{"loc":{"start":{"line":73,"column":8},"end":{"line":96,"column":9}},"type":"if","locations":[{"start":{"line":73,"column":8},"end":{"line":96,"column":9}},{"start":{},"end":{}}],"line":73},"1":{"loc":{"start":{"line":81,"column":12},"end":{"line":85,"column":13}},"type":"if","locations":[{"start":{"line":81,"column":12},"end":{"line":85,"column":13}},{"start":{},"end":{}}],"line":81},"2":{"loc":{"start":{"line":87,"column":12},"end":{"line":91,"column":13}},"type":"if","locations":[{"start":{"line":87,"column":12},"end":{"line":91,"column":13}},{"start":{},"end":{}}],"line":87},"3":{"loc":{"start":{"line":100,"column":8},"end":{"line":103,"column":9}},"type":"if","locations":[{"start":{"line":100,"column":8},"end":{"line":103,"column":9}},{"start":{},"end":{}}],"line":100},"4":{"loc":{"start":{"line":129,"column":33},"end":{"line":129,"column":88}},"type":"binary-expr","locations":[{"start":{"line":129,"column":33},"end":{"line":129,"column":59}},{"start":{"line":129,"column":63},"end":{"line":129,"column":88}}],"line":129},"5":{"loc":{"start":{"line":138,"column":8},"end":{"line":140,"column":9}},"type":"if","locations":[{"start":{"line":138,"column":8},"end":{"line":140,"column":9}},{"start":{},"end":{}}],"line":138},"6":{"loc":{"start":{"line":149,"column":33},"end":{"line":149,"column":88}},"type":"binary-expr","locations":[{"start":{"line":149,"column":33},"end":{"line":149,"column":59}},{"start":{"line":149,"column":63},"end":{"line":149,"column":88}}],"line":149},"7":{"loc":{"start":{"line":162,"column":33},"end":{"line":162,"column":90}},"type":"binary-expr","locations":[{"start":{"line":162,"column":33},"end":{"line":162,"column":59}},{"start":{"line":162,"column":63},"end":{"line":162,"column":90}}],"line":162},"8":{"loc":{"start":{"line":178,"column":8},"end":{"line":182,"column":9}},"type":"if","locations":[{"start":{"line":178,"column":8},"end":{"line":182,"column":9}},{"start":{"line":180,"column":15},"end":{"line":182,"column":9}}],"line":178},"9":{"loc":{"start":{"line":178,"column":12},"end":{"line":178,"column":59}},"type":"binary-expr","locations":[{"start":{"line":178,"column":12},"end":{"line":178,"column":34}},{"start":{"line":178,"column":38},"end":{"line":178,"column":59}}],"line":178},"10":{"loc":{"start":{"line":180,"column":15},"end":{"line":182,"column":9}},"type":"if","locations":[{"start":{"line":180,"column":15},"end":{"line":182,"column":9}},{"start":{},"end":{}}],"line":180},"11":{"loc":{"start":{"line":190,"column":8},"end":{"line":215,"column":9}},"type":"if","locations":[{"start":{"line":190,"column":8},"end":{"line":215,"column":9}},{"start":{},"end":{}}],"line":190},"12":{"loc":{"start":{"line":190,"column":12},"end":{"line":190,"column":59}},"type":"binary-expr","locations":[{"start":{"line":190,"column":12},"end":{"line":190,"column":32}},{"start":{"line":190,"column":36},"end":{"line":190,"column":59}}],"line":190},"13":{"loc":{"start":{"line":199,"column":12},"end":{"line":203,"column":13}},"type":"if","locations":[{"start":{"line":199,"column":12},"end":{"line":203,"column":13}},{"start":{},"end":{}}],"line":199},"14":{"loc":{"start":{"line":205,"column":12},"end":{"line":209,"column":13}},"type":"if","locations":[{"start":{"line":205,"column":12},"end":{"line":209,"column":13}},{"start":{},"end":{}}],"line":205},"15":{"loc":{"start":{"line":268,"column":21},"end":{"line":276,"column":21}},"type":"binary-expr","locations":[{"start":{"line":268,"column":21},"end":{"line":268,"column":26}},{"start":{"line":269,"column":24},"end":{"line":275,"column":32}}],"line":268},"16":{"loc":{"start":{"line":278,"column":21},"end":{"line":286,"column":21}},"type":"binary-expr","locations":[{"start":{"line":278,"column":21},"end":{"line":278,"column":28}},{"start":{"line":279,"column":24},"end":{"line":285,"column":32}}],"line":278},"17":{"loc":{"start":{"line":296,"column":41},"end":{"line":296,"column":91}},"type":"cond-expr","locations":[{"start":{"line":296,"column":54},"end":{"line":296,"column":63}},{"start":{"line":296,"column":66},"end":{"line":296,"column":91}}],"line":296},"18":{"loc":{"start":{"line":300,"column":45},"end":{"line":300,"column":93}},"type":"cond-expr","locations":[{"start":{"line":300,"column":58},"end":{"line":300,"column":83}},{"start":{"line":300,"column":86},"end":{"line":300,"column":93}}],"line":300},"19":{"loc":{"start":{"line":320,"column":25},"end":{"line":395,"column":25}},"type":"cond-expr","locations":[{"start":{"line":321,"column":28},"end":{"line":375,"column":34}},{"start":{"line":377,"column":28},"end":{"line":394,"column":36}}],"line":320},"20":{"loc":{"start":{"line":359,"column":51},"end":{"line":359,"column":115}},"type":"cond-expr","locations":[{"start":{"line":359,"column":63},"end":{"line":359,"column":93}},{"start":{"line":359,"column":96},"end":{"line":359,"column":115}}],"line":359},"21":{"loc":{"start":{"line":372,"column":41},"end":{"line":372,"column":94}},"type":"cond-expr","locations":[{"start":{"line":372,"column":53},"end":{"line":372,"column":68}},{"start":{"line":372,"column":71},"end":{"line":372,"column":94}}],"line":372},"22":{"loc":{"start":{"line":397,"column":25},"end":{"line":413,"column":25}},"type":"binary-expr","locations":[{"start":{"line":397,"column":25},"end":{"line":397,"column":34}},{"start":{"line":398,"column":28},"end":{"line":412,"column":34}}],"line":397},"23":{"loc":{"start":{"line":430,"column":21},"end":{"line":628,"column":21}},"type":"cond-expr","locations":[{"start":{"line":431,"column":24},"end":{"line":440,"column":30}},{"start":{"line":441,"column":24},"end":{"line":628,"column":21}}],"line":430},"24":{"loc":{"start":{"line":441,"column":24},"end":{"line":628,"column":21}},"type":"cond-expr","locations":[{"start":{"line":442,"column":24},"end":{"line":460,"column":32}},{"start":{"line":462,"column":24},"end":{"line":627,"column":31}}],"line":441},"25":{"loc":{"start":{"line":465,"column":53},"end":{"line":465,"column":128}},"type":"cond-expr","locations":[{"start":{"line":465,"column":66},"end":{"line":465,"column":89}},{"start":{"line":465,"column":92},"end":{"line":465,"column":128}}],"line":465},"26":{"loc":{"start":{"line":475,"column":61},"end":{"line":475,"column":119}},"type":"cond-expr","locations":[{"start":{"line":475,"column":86},"end":{"line":475,"column":95}},{"start":{"line":475,"column":98},"end":{"line":475,"column":119}}],"line":475},"27":{"loc":{"start":{"line":476,"column":60},"end":{"line":478,"column":61}},"type":"cond-expr","locations":[{"start":{"line":477,"column":54},"end":{"line":477,"column":138}},{"start":{"line":478,"column":54},"end":{"line":478,"column":61}}],"line":476},"28":{"loc":{"start":{"line":491,"column":53},"end":{"line":522,"column":53}},"type":"cond-expr","locations":[{"start":{"line":492,"column":56},"end":{"line":502,"column":58}},{"start":{"line":504,"column":56},"end":{"line":521,"column":65}}],"line":491},"29":{"loc":{"start":{"line":566,"column":79},"end":{"line":566,"column":115}},"type":"binary-expr","locations":[{"start":{"line":566,"column":79},"end":{"line":566,"column":110}},{"start":{"line":566,"column":114},"end":{"line":566,"column":115}}],"line":566},"30":{"loc":{"start":{"line":568,"column":57},"end":{"line":583,"column":57}},"type":"binary-expr","locations":[{"start":{"line":568,"column":57},"end":{"line":568,"column":70}},{"start":{"line":569,"column":60},"end":{"line":582,"column":69}}],"line":568},"31":{"loc":{"start":{"line":572,"column":73},"end":{"line":572,"column":125}},"type":"cond-expr","locations":[{"start":{"line":572,"column":86},"end":{"line":572,"column":104}},{"start":{"line":572,"column":107},"end":{"line":572,"column":125}}],"line":572},"32":{"loc":{"start":{"line":581,"column":65},"end":{"line":581,"column":102}},"type":"cond-expr","locations":[{"start":{"line":581,"column":78},"end":{"line":581,"column":89}},{"start":{"line":581,"column":92},"end":{"line":581,"column":102}}],"line":581}},"s":{"0":0,"1":0,"2":0,"3":0,"4":0,"5":0,"6":0,"7":0,"8":0,"9":0,"10":0,"11":0,"12":0,"13":0,"14":0,"15":0,"16":0,"17":0,"18":0,"19":0,"20":0,"21":0,"22":0,"23":0,"24":0,"25":0,"26":0,"27":0,"28":0,"29":0,"30":0,"31":0,"32":0,"33":0,"34":0,"35":0,"36":0,"37":0,"38":0,"39":0,"40":0,"41":0,"42":0,"43":0,"44":0,"45":0,"46":0,"47":0,"48":0,"49":0,"50":0,"51":0,"52":0,"53":0,"54":0,"55":0,"56":0,"57":0,"58":0,"59":0,"60":0,"61":0,"62":0,"63":0,"64":0,"65":0,"66":0,"67":0,"68":0,"69":0,"70":0,"71":0,"72":0,"73":0,"74":0,"75":0,"76":0,"77":0,"78":0,"79":0,"80":0,"81":0,"82":0,"83":0,"84":0,"85":0,"86":0,"87":0,"88":0,"89":0,"90":0,"91":0,"92":0,"93":0,"94":0,"95":0,"96":0,"97":0,"98":0,"99":0,"100":0,"101":0,"102":0,"103":0,"104":0,"105":0,"106":0,"107":0,"108":0,"109":0,"110":0,"111":0,"112":0,"113":0,"114":0,"115":0,"116":0,"117":0},"f":{"0":0,"1":0,"2":0,"3":0,"4":0,"5":0,"6":0,"7":0,"8":0,"9":0,"10":0,"11":0,"12":0,"13":0,"14":0,"15":0,"16":0,"17":0},"b":{"0":[0,0],"1":[0,0],"2":[0,0],"3":[0,0],"4":[0,0],"5":[0,0],"6":[0,0],"7":[0,0],"8":[0,0],"9":[0,0],"10":[0,0],"11":[0,0],"12":[0,0],"13":[0,0],"14":[0,0],"15":[0,0],"16":[0,0],"17":[0,0],"18":[0,0],"19":[0,0],"20":[0,0],"21":[0,0],"22":[0,0],"23":[0,0],"24":[0,0],"25":[0,0],"26":[0,0],"27":[0,0],"28":[0,0],"29":[0,0],"30":[0,0],"31":[0,0],"32":[0,0]}}
,"/Users/gauthamkrishna/Projects/presidio/skill-sync/skill-sync-frontend/src/services/api.js": {"path":"/Users/gauthamkrishna/Projects/presidio/skill-sync/skill-sync-frontend/src/services/api.js","statementMap":{"0":{"start":{"line":3,"column":21},"end":{"line":3,"column":86}},"1":{"start":{"line":6,"column":18},"end":{"line":11,"column":2}},"2":{"start":{"line":14,"column":0},"end":{"line":25,"column":2}},"3":{"start":{"line":16,"column":22},"end":{"line":16,"column":51}},"4":{"start":{"line":17,"column":8},"end":{"line":19,"column":9}},"5":{"start":{"line":18,"column":12},"end":{"line":18,"column":61}},"6":{"start":{"line":20,"column":8},"end":{"line":20,"column":22}},"7":{"start":{"line":23,"column":8},"end":{"line":23,"column":37}},"8":{"start":{"line":28,"column":0},"end":{"line":39,"column":2}},"9":{"start":{"line":29,"column":18},"end":{"line":29,"column":26}},"10":{"start":{"line":31,"column":8},"end":{"line":36,"column":9}},"11":{"start":{"line":33,"column":12},"end":{"line":33,"column":45}},"12":{"start":{"line":34,"column":12},"end":{"line":34,"column":44}},"13":{"start":{"line":35,"column":12},"end":{"line":35,"column":44}},"14":{"start":{"line":37,"column":8},"end":{"line":37,"column":37}}},"fnMap":{"0":{"name":"(anonymous_0)","decl":{"start":{"line":15,"column":4},"end":{"line":15,"column":5}},"loc":{"start":{"line":15,"column":16},"end":{"line":21,"column":5}},"line":15},"1":{"name":"(anonymous_1)","decl":{"start":{"line":22,"column":4},"end":{"line":22,"column":5}},"loc":{"start":{"line":22,"column":15},"end":{"line":24,"column":5}},"line":22},"2":{"name":"(anonymous_2)","decl":{"start":{"line":29,"column":4},"end":{"line":29,"column":5}},"loc":{"start":{"line":29,"column":18},"end":{"line":29,"column":26}},"line":29},"3":{"name":"(anonymous_3)","decl":{"start":{"line":30,"column":4},"end":{"line":30,"column":5}},"loc":{"start":{"line":30,"column":15},"end":{"line":38,"column":5}},"line":30}},"branchMap":{"0":{"loc":{"start":{"line":3,"column":21},"end":{"line":3,"column":86}},"type":"binary-expr","locations":[{"start":{"line":3,"column":21},"end":{"line":3,"column":55}},{"start":{"line":3,"column":59},"end":{"line":3,"column":86}}],"line":3},"1":{"loc":{"start":{"line":17,"column":8},"end":{"line":19,"column":9}},"type":"if","locations":[{"start":{"line":17,"column":8},"end":{"line":19,"column":9}},{"start":{},"end":{}}],"line":17},"2":{"loc":{"start":{"line":31,"column":8},"end":{"line":36,"column":9}},"type":"if","locations":[{"start":{"line":31,"column":8},"end":{"line":36,"column":9}},{"start":{},"end":{}}],"line":31}},"s":{"0":0,"1":0,"2":0,"3":0,"4":0,"5":0,"6":0,"7":0,"8":0,"9":0,"10":0,"11":0,"12":0,"13":0,"14":0},"f":{"0":0,"1":0,"2":0,"3":0},"b":{"0":[0,0],"1":[0,0],"2":[0,0]}}
,"/Users/gauthamkrishna/Projects/presidio/skill-sync/skill-sync-frontend/src/services/authService.js": {"path":"/Users/gauthamkrishna/Projects/presidio/skill-sync/skill-sync-frontend/src/services/authService.js","statementMap":{"0":{"start":{"line":14,"column":8},"end":{"line":19,"column":9}},"1":{"start":{"line":15,"column":29},"end":{"line":15,"column":77}},"2":{"start":{"line":16,"column":12},"end":{"line":16,"column":33}},"3":{"start":{"line":18,"column":12},"end":{"line":18,"column":42}},"4":{"start":{"line":29,"column":8},"end":{"line":44,"column":9}},"5":{"start":{"line":30,"column":29},"end":{"line":33,"column":14}},"6":{"start":{"line":35,"column":43},"end":{"line":35,"column":56}},"7":{"start":{"line":38,"column":12},"end":{"line":38,"column":56}},"8":{"start":{"line":39,"column":12},"end":{"line":39,"column":63}},"9":{"start":{"line":41,"column":12},"end":{"line":41,"column":33}},"10":{"start":{"line":43,"column":12},"end":{"line":43,"column":42}},"11":{"start":{"line":51,"column":8},"end":{"line":51,"column":41}},"12":{"start":{"line":52,"column":8},"end":{"line":52,"column":40}},"13":{"start":{"line":53,"column":8},"end":{"line":53,"column":40}},"14":{"start":{"line":61,"column":24},"end":{"line":61,"column":52}},"15":{"start":{"line":62,"column":8},"end":{"line":68,"column":9}},"16":{"start":{"line":63,"column":12},"end":{"line":67,"column":13}},"17":{"start":{"line":64,"column":16},"end":{"line":64,"column":43}},"18":{"start":{"line":66,"column":16},"end":{"line":66,"column":28}},"19":{"start":{"line":69,"column":8},"end":{"line":69,"column":20}},"20":{"start":{"line":77,"column":22},"end":{"line":77,"column":51}},"21":{"start":{"line":78,"column":8},"end":{"line":78,"column":23}},"22":{"start":{"line":86,"column":8},"end":{"line":86,"column":45}},"23":{"start":{"line":95,"column":8},"end":{"line":105,"column":9}},"24":{"start":{"line":97,"column":28},"end":{"line":97,"column":110}},"25":{"start":{"line":98,"column":12},"end":{"line":98,"column":38}},"26":{"start":{"line":99,"column":15},"end":{"line":105,"column":9}},"27":{"start":{"line":101,"column":12},"end":{"line":101,"column":87}},"28":{"start":{"line":104,"column":12},"end":{"line":104,"column":78}},"29":{"start":{"line":109,"column":20},"end":{"line":109,"column":37}}},"fnMap":{"0":{"name":"(anonymous_0)","decl":{"start":{"line":13,"column":4},"end":{"line":13,"column":5}},"loc":{"start":{"line":13,"column":29},"end":{"line":20,"column":5}},"line":13},"1":{"name":"(anonymous_1)","decl":{"start":{"line":28,"column":4},"end":{"line":28,"column":5}},"loc":{"start":{"line":28,"column":33},"end":{"line":45,"column":5}},"line":28},"2":{"name":"(anonymous_2)","decl":{"start":{"line":50,"column":4},"end":{"line":50,"column":5}},"loc":{"start":{"line":50,"column":13},"end":{"line":54,"column":5}},"line":50},"3":{"name":"(anonymous_3)","decl":{"start":{"line":60,"column":4},"end":{"line":60,"column":5}},"loc":{"start":{"line":60,"column":21},"end":{"line":70,"column":5}},"line":60},"4":{"name":"(anonymous_4)","decl":{"start":{"line":76,"column":4},"end":{"line":76,"column":5}},"loc":{"start":{"line":76,"column":22},"end":{"line":79,"column":5}},"line":76},"5":{"name":"(anonymous_5)","decl":{"start":{"line":85,"column":4},"end":{"line":85,"column":5}},"loc":{"start":{"line":85,"column":15},"end":{"line":87,"column":5}},"line":85},"6":{"name":"(anonymous_6)","decl":{"start":{"line":94,"column":4},"end":{"line":94,"column":5}},"loc":{"start":{"line":94,"column":23},"end":{"line":106,"column":5}},"line":94}},"branchMap":{"0":{"loc":{"start":{"line":62,"column":8},"end":{"line":68,"column":9}},"type":"if","locations":[{"start":{"line":62,"column":8},"end":{"line":68,"column":9}},{"start":{},"end":{}}],"line":62},"1":{"loc":{"start":{"line":95,"column":8},"end":{"line":105,"column":9}},"type":"if","locations":[{"start":{"line":95,"column":8},"end":{"line":105,"column":9}},{"start":{"line":99,"column":15},"end":{"line":105,"column":9}}],"line":95},"2":{"loc":{"start":{"line":97,"column":28},"end":{"line":97,"column":110}},"type":"binary-expr","locations":[{"start":{"line":97,"column":28},"end":{"line":97,"column":55}},{"start":{"line":97,"column":59},"end":{"line":97,"column":87}},{"start":{"line":97,"column":91},"end":{"line":97,"column":110}}],"line":97},"3":{"loc":{"start":{"line":99,"column":15},"end":{"line":105,"column":9}},"type":"if","locations":[{"start":{"line":99,"column":15},"end":{"line":105,"column":9}},{"start":{"line":102,"column":15},"end":{"line":105,"column":9}}],"line":99},"4":{"loc":{"start":{"line":104,"column":29},"end":{"line":104,"column":76}},"type":"binary-expr","locations":[{"start":{"line":104,"column":29},"end":{"line":104,"column":42}},{"start":{"line":104,"column":46},"end":{"line":104,"column":76}}],"line":104}},"s":{"0":0,"1":0,"2":0,"3":0,"4":0,"5":0,"6":0,"7":0,"8":0,"9":0,"10":0,"11":0,"12":0,"13":0,"14":0,"15":0,"16":0,"17":0,"18":0,"19":0,"20":0,"21":0,"22":0,"23":0,"24":0,"25":0,"26":0,"27":0,"28":0,"29":0},"f":{"0":0,"1":0,"2":0,"3":0,"4":0,"5":0,"6":0},"b":{"0":[0,0],"1":[0,0],"2":[0,0,0],"3":[0,0],"4":[0,0]}}
}
