TN:
SF:src/App.js
FN:31,App
FNF:1
FNH:0
FNDA:0,App
DA:20,0
DA:32,0
LF:2
LH:0
BRDA:65,0,0,0
BRDA:65,0,1,0
BRF:2
BRH:0
end_of_record
TN:
SF:src/index.js
FNF:0
FNH:0
DA:7,0
DA:8,0
DA:17,0
LF:3
LH:0
BRF:0
BRH:0
end_of_record
TN:
SF:src/reportWebVitals.js
FN:1,(anonymous_0)
FN:3,(anonymous_1)
FNF:2
FNH:0
FNDA:0,(anonymous_0)
FNDA:0,(anonymous_1)
DA:1,0
DA:2,0
DA:3,0
DA:4,0
DA:5,0
DA:6,0
DA:7,0
DA:8,0
LF:8
LH:0
BRDA:2,0,0,0
BRDA:2,0,1,0
BRDA:2,1,0,0
BRDA:2,1,1,0
BRF:4
BRH:0
end_of_record
TN:
SF:src/components/AnimatedCounter.js
FN:5,(anonymous_0)
FN:7,(anonymous_1)
FN:10,(anonymous_2)
FN:16,(anonymous_3)
FN:20,(anonymous_4)
FNF:5
FNH:0
FNDA:0,(anonymous_0)
FNDA:0,(anonymous_1)
FNDA:0,(anonymous_2)
FNDA:0,(anonymous_3)
FNDA:0,(anonymous_4)
DA:5,0
DA:6,0
DA:7,0
DA:8,0
DA:10,0
DA:11,0
DA:16,0
DA:17,0
DA:20,0
DA:21,0
DA:22,0
DA:26,0
LF:12
LH:0
BRDA:5,0,0,0
BRDA:5,1,0,0
BRDA:5,2,0,0
BRF:3
BRH:0
end_of_record
TN:
SF:src/components/AnimatedMatchScore.js
FN:7,(anonymous_0)
FN:10,(anonymous_1)
FN:11,(anonymous_2)
FN:14,(anonymous_3)
FN:17,(anonymous_4)
FN:24,(anonymous_5)
FNF:6
FNH:0
FNDA:0,(anonymous_0)
FNDA:0,(anonymous_1)
FNDA:0,(anonymous_2)
FNDA:0,(anonymous_3)
FNDA:0,(anonymous_4)
FNDA:0,(anonymous_5)
DA:7,0
DA:8,0
DA:10,0
DA:11,0
DA:12,0
DA:14,0
DA:17,0
DA:18,0
DA:19,0
DA:20,0
DA:21,0
DA:24,0
DA:25,0
DA:26,0
DA:27,0
DA:28,0
DA:31,0
DA:33,0
LF:18
LH:0
BRDA:7,0,0,0
BRDA:7,1,0,0
BRDA:18,2,0,0
BRDA:18,2,1,0
BRDA:19,3,0,0
BRDA:19,3,1,0
BRDA:20,4,0,0
BRDA:20,4,1,0
BRDA:25,5,0,0
BRDA:25,5,1,0
BRDA:26,6,0,0
BRDA:26,6,1,0
BRDA:27,7,0,0
BRDA:27,7,1,0
BRDA:58,8,0,0
BRDA:58,8,1,0
BRF:16
BRH:0
end_of_record
TN:
SF:src/components/FloatingParticles.js
FN:4,(anonymous_0)
FN:7,(anonymous_1)
FN:16,(anonymous_2)
FN:25,(anonymous_3)
FN:35,(anonymous_4)
FN:50,(anonymous_5)
FN:78,(anonymous_6)
FN:85,(anonymous_7)
FNF:8
FNH:0
FNDA:0,(anonymous_0)
FNDA:0,(anonymous_1)
FNDA:0,(anonymous_2)
FNDA:0,(anonymous_3)
FNDA:0,(anonymous_4)
FNDA:0,(anonymous_5)
FNDA:0,(anonymous_6)
FNDA:0,(anonymous_7)
DA:4,0
DA:5,0
DA:7,0
DA:8,0
DA:9,0
DA:11,0
DA:12,0
DA:13,0
DA:17,0
DA:18,0
DA:19,0
DA:20,0
DA:21,0
DA:22,0
DA:26,0
DA:27,0
DA:29,0
DA:30,0
DA:31,0
DA:32,0
DA:36,0
DA:37,0
DA:38,0
DA:39,0
DA:43,0
DA:44,0
DA:46,0
DA:47,0
DA:50,0
DA:51,0
DA:53,0
DA:54,0
DA:55,0
DA:57,0
DA:58,0
DA:59,0
DA:60,0
DA:62,0
DA:63,0
DA:64,0
DA:65,0
DA:66,0
DA:67,0
DA:68,0
DA:73,0
DA:76,0
DA:78,0
DA:79,0
DA:80,0
DA:83,0
DA:85,0
DA:86,0
DA:90,0
LF:53
LH:0
BRDA:9,0,0,0
BRDA:9,0,1,0
BRDA:29,1,0,0
BRDA:29,1,1,0
BRDA:30,2,0,0
BRDA:30,2,1,0
BRDA:31,3,0,0
BRDA:31,3,1,0
BRDA:32,4,0,0
BRDA:32,4,1,0
BRDA:62,5,0,0
BRDA:62,5,1,0
BRF:12
BRH:0
end_of_record
TN:
SF:src/components/Layout.js
FN:36,(anonymous_0)
FN:72,(anonymous_1)
FN:95,(anonymous_2)
FN:100,(anonymous_3)
FN:104,(anonymous_4)
FN:108,(anonymous_5)
FN:112,(anonymous_6)
FN:117,(anonymous_7)
FN:127,(anonymous_8)
FN:148,(anonymous_9)
FN:152,(anonymous_10)
FN:227,(anonymous_11)
FNF:12
FNH:0
FNDA:0,(anonymous_0)
FNDA:0,(anonymous_1)
FNDA:0,(anonymous_2)
FNDA:0,(anonymous_3)
FNDA:0,(anonymous_4)
FNDA:0,(anonymous_5)
FNDA:0,(anonymous_6)
FNDA:0,(anonymous_7)
FNDA:0,(anonymous_8)
FNDA:0,(anonymous_9)
FNDA:0,(anonymous_10)
FNDA:0,(anonymous_11)
DA:34,0
DA:36,0
DA:37,0
DA:38,0
DA:39,0
DA:40,0
DA:41,0
DA:42,0
DA:44,0
DA:45,0
DA:48,0
DA:69,0
DA:72,0
DA:73,0
DA:77,0
DA:83,0
DA:88,0
DA:94,0
DA:95,0
DA:98,0
DA:100,0
DA:101,0
DA:104,0
DA:105,0
DA:108,0
DA:109,0
DA:112,0
DA:113,0
DA:114,0
DA:117,0
DA:118,0
DA:119,0
DA:120,0
DA:125,0
DA:127,0
DA:149,0
DA:152,0
DA:191,0
DA:227,0
LF:39
LH:0
BRDA:69,0,0,0
BRDA:69,0,1,0
BRDA:119,1,0,0
BRDA:119,1,1,0
BRDA:171,2,0,0
BRDA:171,2,1,0
BRDA:180,3,0,0
BRDA:180,3,1,0
BRDA:227,4,0,0
BRDA:227,4,1,0
BRDA:273,5,0,0
BRDA:273,5,1,0
BRDA:275,6,0,0
BRDA:275,6,1,0
BRDA:287,7,0,0
BRDA:287,7,1,0
BRF:16
BRH:0
end_of_record
TN:
SF:src/components/PrivateRoute.js
FN:9,(anonymous_0)
FNF:1
FNH:0
FNDA:0,(anonymous_0)
DA:9,0
DA:10,0
DA:12,0
DA:14,0
DA:17,0
LF:5
LH:0
BRDA:12,0,0,0
BRDA:12,0,1,0
BRF:2
BRH:0
end_of_record
TN:
SF:src/components/SkeletonLoader.js
FN:4,(anonymous_0)
FN:40,(anonymous_1)
FN:42,(anonymous_2)
FN:50,(anonymous_3)
FN:71,(anonymous_4)
FN:79,(anonymous_5)
FNF:6
FNH:0
FNDA:0,(anonymous_0)
FNDA:0,(anonymous_1)
FNDA:0,(anonymous_2)
FNDA:0,(anonymous_3)
FNDA:0,(anonymous_4)
FNDA:0,(anonymous_5)
DA:4,0
DA:5,0
DA:40,0
DA:41,0
DA:43,0
DA:50,0
DA:51,0
DA:72,0
DA:79,0
DA:80,0
LF:10
LH:0
BRDA:40,0,0,0
BRF:1
BRH:0
end_of_record
TN:
SF:src/components/SkillsCloud.js
FN:5,(anonymous_0)
FN:8,(anonymous_1)
FN:9,(anonymous_2)
FN:14,(anonymous_3)
FN:38,(anonymous_4)
FNF:5
FNH:0
FNDA:0,(anonymous_0)
FNDA:0,(anonymous_1)
FNDA:0,(anonymous_2)
FNDA:0,(anonymous_3)
FNDA:0,(anonymous_4)
DA:5,0
DA:6,0
DA:8,0
DA:9,0
DA:10,0
DA:14,0
DA:15,0
DA:16,0
DA:22,0
DA:29,0
DA:39,0
DA:40,0
LF:12
LH:0
BRDA:5,0,0,0
BRDA:5,1,0,0
BRDA:6,2,0,0
BRDA:6,2,1,0
BRDA:6,3,0,0
BRDA:6,3,1,0
BRDA:15,4,0,0
BRDA:15,4,1,0
BRDA:68,5,0,0
BRDA:68,5,1,0
BRF:10
BRH:0
end_of_record
TN:
SF:src/pages/Analytics.js
FN:25,(anonymous_0)
FN:39,(anonymous_1)
FN:43,(anonymous_2)
FN:69,(anonymous_3)
FNF:4
FNH:0
FNDA:0,(anonymous_0)
FNDA:0,(anonymous_1)
FNDA:0,(anonymous_2)
FNDA:0,(anonymous_3)
DA:25,0
DA:26,0
DA:27,0
DA:28,0
DA:39,0
DA:40,0
DA:43,0
DA:44,0
DA:45,0
DA:46,0
DA:49,0
DA:51,0
DA:62,0
DA:63,0
DA:65,0
DA:69,0
DA:70,0
DA:124,0
DA:125,0
DA:136,0
LF:20
LH:0
BRDA:63,0,0,0
BRDA:63,0,1,0
BRDA:124,1,0,0
BRDA:124,1,1,0
BRDA:185,2,0,0
BRDA:185,2,1,0
BRF:6
BRH:0
end_of_record
TN:
SF:src/pages/CompanyMatches.js
FN:28,(anonymous_0)
FN:36,(anonymous_1)
FN:41,(anonymous_2)
FN:56,(anonymous_3)
FN:203,(anonymous_4)
FN:206,(anonymous_5)
FN:273,(anonymous_6)
FNF:7
FNH:0
FNDA:0,(anonymous_0)
FNDA:0,(anonymous_1)
FNDA:0,(anonymous_2)
FNDA:0,(anonymous_3)
FNDA:0,(anonymous_4)
FNDA:0,(anonymous_5)
FNDA:0,(anonymous_6)
DA:28,0
DA:29,0
DA:30,0
DA:31,0
DA:32,0
DA:33,0
DA:34,0
DA:36,0
DA:37,0
DA:41,0
DA:42,0
DA:43,0
DA:44,0
DA:45,0
DA:46,0
DA:47,0
DA:50,0
DA:52,0
DA:56,0
DA:57,0
DA:58,0
DA:59,0
DA:60,0
DA:61,0
DA:63,0
DA:64,0
DA:66,0
DA:70,0
DA:71,0
DA:82,0
DA:83,0
DA:94,0
DA:95,0
DA:137,0
DA:204,0
DA:206,0
DA:274,0
LF:37
LH:0
BRDA:46,0,0,0
BRDA:46,0,1,0
BRDA:50,1,0,0
BRDA:50,1,1,0
BRDA:70,2,0,0
BRDA:70,2,1,0
BRDA:82,3,0,0
BRDA:82,3,1,0
BRDA:94,4,0,0
BRDA:94,4,1,0
BRDA:209,5,0,0
BRDA:209,5,1,0
BRDA:223,6,0,0
BRDA:223,6,1,0
BRDA:246,7,0,0
BRDA:246,7,1,0
BRDA:255,8,0,0
BRDA:255,8,1,0
BRDA:261,9,0,0
BRDA:261,9,1,0
BRDA:334,10,0,0
BRDA:334,10,1,0
BRDA:334,10,2,0
BRDA:346,11,0,0
BRDA:346,11,1,0
BRF:25
BRH:0
end_of_record
TN:
SF:src/pages/CreateInternship.js
FN:23,(anonymous_0)
FN:37,(anonymous_1)
FN:45,(anonymous_2)
FN:58,(anonymous_3)
FN:61,(anonymous_4)
FN:65,(anonymous_5)
FN:189,(anonymous_6)
FN:205,(anonymous_7)
FN:209,(anonymous_8)
FN:302,(anonymous_9)
FNF:10
FNH:0
FNDA:0,(anonymous_0)
FNDA:0,(anonymous_1)
FNDA:0,(anonymous_2)
FNDA:0,(anonymous_3)
FNDA:0,(anonymous_4)
FNDA:0,(anonymous_5)
FNDA:0,(anonymous_6)
FNDA:0,(anonymous_7)
FNDA:0,(anonymous_8)
FNDA:0,(anonymous_9)
DA:23,0
DA:24,0
DA:25,0
DA:26,0
DA:27,0
DA:28,0
DA:37,0
DA:38,0
DA:42,0
DA:45,0
DA:46,0
DA:47,0
DA:48,0
DA:49,0
DA:54,0
DA:58,0
DA:59,0
DA:61,0
DA:65,0
DA:66,0
DA:68,0
DA:69,0
DA:70,0
DA:73,0
DA:74,0
DA:76,0
DA:77,0
DA:78,0
DA:79,0
DA:81,0
DA:82,0
DA:83,0
DA:85,0
DA:89,0
DA:189,0
DA:206,0
DA:209,0
DA:302,0
LF:38
LH:0
BRDA:42,0,0,0
BRDA:42,0,1,0
BRDA:46,1,0,0
BRDA:46,1,1,0
BRDA:46,2,0,0
BRDA:46,2,1,0
BRDA:48,3,0,0
BRDA:48,3,1,0
BRDA:68,4,0,0
BRDA:68,4,1,0
BRDA:68,5,0,0
BRDA:68,5,1,0
BRDA:81,6,0,0
BRDA:81,6,1,0
BRDA:135,7,0,0
BRDA:135,7,1,0
BRDA:202,8,0,0
BRDA:202,8,1,0
BRDA:297,9,0,0
BRDA:297,9,1,0
BRF:20
BRH:0
end_of_record
TN:
SF:src/pages/Dashboard.js
FN:30,(anonymous_0)
FN:36,(anonymous_1)
FN:39,(anonymous_2)
FN:114,(anonymous_3)
FN:187,(anonymous_4)
FN:260,(anonymous_5)
FN:285,(anonymous_6)
FN:331,(anonymous_7)
FN:396,(anonymous_8)
FN:461,(anonymous_9)
FN:484,(anonymous_10)
FN:530,(anonymous_11)
FN:595,(anonymous_12)
FN:660,(anonymous_13)
FN:683,(anonymous_14)
FN:696,(anonymous_15)
FNF:16
FNH:0
FNDA:0,(anonymous_0)
FNDA:0,(anonymous_1)
FNDA:0,(anonymous_2)
FNDA:0,(anonymous_3)
FNDA:0,(anonymous_4)
FNDA:0,(anonymous_5)
FNDA:0,(anonymous_6)
FNDA:0,(anonymous_7)
FNDA:0,(anonymous_8)
FNDA:0,(anonymous_9)
FNDA:0,(anonymous_10)
FNDA:0,(anonymous_11)
FNDA:0,(anonymous_12)
FNDA:0,(anonymous_13)
FNDA:0,(anonymous_14)
FNDA:0,(anonymous_15)
DA:30,0
DA:31,0
DA:32,0
DA:33,0
DA:36,0
DA:37,0
DA:39,0
DA:50,0
DA:114,0
DA:187,0
DA:260,0
DA:285,0
DA:286,0
DA:331,0
DA:396,0
DA:461,0
DA:484,0
DA:485,0
DA:530,0
DA:595,0
DA:660,0
DA:683,0
DA:684,0
DA:686,0
DA:688,0
DA:690,0
DA:692,0
DA:696,0
DA:697,0
DA:699,0
DA:701,0
DA:703,0
DA:705,0
DA:709,0
LF:34
LH:0
BRDA:684,0,0,0
BRDA:684,0,1,0
BRDA:684,0,2,0
BRDA:684,0,3,0
BRDA:697,1,0,0
BRDA:697,1,1,0
BRDA:697,1,2,0
BRDA:697,1,3,0
BRDA:752,2,0,0
BRDA:752,2,1,0
BRDA:762,3,0,0
BRDA:762,3,1,0
BRDA:765,4,0,0
BRDA:765,4,1,0
BRDA:780,5,0,0
BRDA:780,5,1,0
BRDA:781,6,0,0
BRDA:781,6,1,0
BRDA:782,7,0,0
BRDA:782,7,1,0
BRDA:784,8,0,0
BRDA:784,8,1,0
BRF:22
BRH:0
end_of_record
TN:
SF:src/pages/InternshipList.js
FN:27,(anonymous_0)
FN:36,(anonymous_1)
FN:43,(anonymous_2)
FN:50,(anonymous_3)
FN:55,(anonymous_4)
FN:63,(anonymous_5)
FN:81,(anonymous_6)
FN:106,(anonymous_7)
FN:130,(anonymous_8)
FN:152,(anonymous_9)
FN:279,(anonymous_10)
FN:304,(anonymous_11)
FNF:12
FNH:0
FNDA:0,(anonymous_0)
FNDA:0,(anonymous_1)
FNDA:0,(anonymous_2)
FNDA:0,(anonymous_3)
FNDA:0,(anonymous_4)
FNDA:0,(anonymous_5)
FNDA:0,(anonymous_6)
FNDA:0,(anonymous_7)
FNDA:0,(anonymous_8)
FNDA:0,(anonymous_9)
FNDA:0,(anonymous_10)
FNDA:0,(anonymous_11)
DA:27,0
DA:28,0
DA:29,0
DA:30,0
DA:31,0
DA:32,0
DA:33,0
DA:34,0
DA:36,0
DA:38,0
DA:39,0
DA:40,0
DA:43,0
DA:45,0
DA:46,0
DA:48,0
DA:49,0
DA:51,0
DA:56,0
DA:59,0
DA:63,0
DA:64,0
DA:65,0
DA:66,0
DA:69,0
DA:70,0
DA:71,0
DA:72,0
DA:74,0
DA:75,0
DA:77,0
DA:81,0
DA:83,0
DA:86,0
DA:106,0
DA:130,0
DA:153,0
DA:280,0
DA:304,0
LF:39
LH:0
BRDA:38,0,0,0
BRDA:38,0,1,0
BRDA:39,1,0,0
BRDA:39,1,1,0
BRDA:45,2,0,0
BRDA:45,2,1,0
BRDA:51,3,0,0
BRDA:51,3,1,0
BRDA:51,3,2,0
BRDA:51,3,3,0
BRDA:51,3,4,0
BRDA:69,4,0,0
BRDA:69,4,1,0
BRDA:75,5,0,0
BRDA:75,5,1,0
BRDA:129,6,0,0
BRDA:129,6,1,0
BRDA:136,7,0,0
BRDA:136,7,1,0
BRDA:140,8,0,0
BRDA:140,8,1,0
BRDA:142,9,0,0
BRDA:142,9,1,0
BRDA:149,10,0,0
BRDA:149,10,1,0
BRDA:149,11,0,0
BRDA:149,11,1,0
BRDA:203,12,0,0
BRDA:203,12,1,0
BRDA:233,13,0,0
BRDA:233,13,1,0
BRDA:243,14,0,0
BRDA:243,14,1,0
BRDA:253,15,0,0
BRDA:253,15,1,0
BRDA:263,16,0,0
BRDA:263,16,1,0
BRDA:263,16,2,0
BRDA:321,17,0,0
BRDA:321,17,1,0
BRF:40
BRH:0
end_of_record
TN:
SF:src/pages/Login.js
FN:20,(anonymous_0)
FN:29,(anonymous_1)
FN:37,(anonymous_2)
FNF:3
FNH:0
FNDA:0,(anonymous_0)
FNDA:0,(anonymous_1)
FNDA:0,(anonymous_2)
DA:20,0
DA:21,0
DA:22,0
DA:26,0
DA:27,0
DA:29,0
DA:30,0
DA:34,0
DA:37,0
DA:38,0
DA:39,0
DA:40,0
DA:42,0
DA:43,0
DA:44,0
DA:45,0
DA:47,0
DA:48,0
DA:50,0
DA:54,0
LF:20
LH:0
BRDA:34,0,0,0
BRDA:34,0,1,0
BRDA:48,1,0,0
BRDA:48,1,1,0
BRDA:129,2,0,0
BRDA:129,2,1,0
BRDA:210,3,0,0
BRDA:210,3,1,0
BRF:8
BRH:0
end_of_record
TN:
SF:src/pages/ManageUsers.js
FN:31,(anonymous_0)
FN:38,(anonymous_1)
FN:42,(anonymous_2)
FN:45,(anonymous_3)
FN:56,(anonymous_4)
FN:94,(anonymous_5)
FN:107,(anonymous_6)
FN:136,(anonymous_7)
FN:226,(anonymous_8)
FN:277,(anonymous_9)
FNF:10
FNH:0
FNDA:0,(anonymous_0)
FNDA:0,(anonymous_1)
FNDA:0,(anonymous_2)
FNDA:0,(anonymous_3)
FNDA:0,(anonymous_4)
FNDA:0,(anonymous_5)
FNDA:0,(anonymous_6)
FNDA:0,(anonymous_7)
FNDA:0,(anonymous_8)
FNDA:0,(anonymous_9)
DA:31,0
DA:32,0
DA:33,0
DA:34,0
DA:35,0
DA:36,0
DA:38,0
DA:39,0
DA:42,0
DA:43,0
DA:44,0
DA:46,0
DA:50,0
DA:52,0
DA:56,0
DA:57,0
DA:58,0
DA:64,0
DA:65,0
DA:66,0
DA:68,0
DA:69,0
DA:71,0
DA:87,0
DA:88,0
DA:90,0
DA:94,0
DA:95,0
DA:97,0
DA:99,0
DA:101,0
DA:103,0
DA:107,0
DA:108,0
DA:110,0
DA:116,0
DA:122,0
DA:128,0
DA:136,0
DA:137,0
DA:144,0
DA:145,0
DA:156,0
DA:226,0
DA:278,0
LF:45
LH:0
BRDA:43,0,0,0
BRDA:43,0,1,0
BRDA:46,1,0,0
BRDA:46,1,1,0
BRDA:46,1,2,0
BRDA:95,2,0,0
BRDA:95,2,1,0
BRDA:95,2,2,0
BRDA:95,2,3,0
BRDA:108,3,0,0
BRDA:108,3,1,0
BRDA:108,3,2,0
BRDA:108,3,3,0
BRDA:144,4,0,0
BRDA:144,4,1,0
BRDA:216,5,0,0
BRDA:216,5,1,0
BRDA:267,6,0,0
BRDA:267,6,1,0
BRF:19
BRH:0
end_of_record
TN:
SF:src/pages/RecommendedInternships.js
FN:29,(anonymous_0)
FN:36,(anonymous_1)
FN:44,(anonymous_2)
FN:71,(anonymous_3)
FN:157,(anonymous_4)
FN:206,(anonymous_5)
FN:229,(anonymous_6)
FN:383,(anonymous_7)
FNF:8
FNH:0
FNDA:0,(anonymous_0)
FNDA:0,(anonymous_1)
FNDA:0,(anonymous_2)
FNDA:0,(anonymous_3)
FNDA:0,(anonymous_4)
FNDA:0,(anonymous_5)
FNDA:0,(anonymous_6)
FNDA:0,(anonymous_7)
DA:29,0
DA:30,0
DA:31,0
DA:32,0
DA:33,0
DA:34,0
DA:36,0
DA:38,0
DA:39,0
DA:40,0
DA:44,0
DA:45,0
DA:46,0
DA:47,0
DA:50,0
DA:54,0
DA:56,0
DA:57,0
DA:59,0
DA:62,0
DA:65,0
DA:67,0
DA:69,0
DA:70,0
DA:71,0
DA:73,0
DA:74,0
DA:76,0
DA:80,0
DA:82,0
DA:83,0
DA:84,0
DA:85,0
DA:87,0
DA:90,0
DA:96,0
DA:157,0
DA:206,0
DA:230,0
DA:383,0
LF:40
LH:0
BRDA:38,0,0,0
BRDA:38,0,1,0
BRDA:56,1,0,0
BRDA:56,1,1,0
BRDA:67,2,0,0
BRDA:67,2,1,0
BRDA:69,3,0,0
BRDA:69,3,1,0
BRDA:71,4,0,0
BRDA:71,4,1,0
BRDA:71,4,2,0
BRDA:73,5,0,0
BRDA:73,5,1,0
BRDA:82,6,0,0
BRDA:82,6,1,0
BRDA:84,7,0,0
BRDA:84,7,1,0
BRDA:145,8,0,0
BRDA:145,8,1,0
BRDA:151,9,0,0
BRDA:151,9,1,0
BRDA:151,9,2,0
BRDA:156,10,0,0
BRDA:156,10,1,0
BRDA:171,11,0,0
BRDA:171,11,1,0
BRDA:171,11,2,0
BRDA:171,11,3,0
BRDA:227,12,0,0
BRDA:227,12,1,0
BRDA:227,12,2,0
BRDA:227,12,3,0
BRDA:287,13,0,0
BRDA:287,13,1,0
BRDA:323,14,0,0
BRDA:323,14,1,0
BRDA:333,15,0,0
BRDA:333,15,1,0
BRDA:343,16,0,0
BRDA:343,16,1,0
BRDA:355,17,0,0
BRDA:355,17,1,0
BRDA:355,17,2,0
BRDA:410,18,0,0
BRDA:410,18,1,0
BRDA:410,18,2,0
BRDA:410,18,3,0
BRF:47
BRH:0
end_of_record
TN:
SF:src/pages/Register.js
FN:20,(anonymous_0)
FN:33,(anonymous_1)
FN:43,(anonymous_2)
FN:59,(anonymous_3)
FN:80,(anonymous_4)
FNF:5
FNH:0
FNDA:0,(anonymous_0)
FNDA:0,(anonymous_1)
FNDA:0,(anonymous_2)
FNDA:0,(anonymous_3)
FNDA:0,(anonymous_4)
DA:20,0
DA:21,0
DA:22,0
DA:29,0
DA:30,0
DA:31,0
DA:33,0
DA:34,0
DA:39,0
DA:40,0
DA:43,0
DA:44,0
DA:45,0
DA:46,0
DA:48,0
DA:49,0
DA:50,0
DA:52,0
DA:53,0
DA:54,0
DA:56,0
DA:59,0
DA:60,0
DA:61,0
DA:62,0
DA:64,0
DA:65,0
DA:68,0
DA:70,0
DA:72,0
DA:73,0
DA:75,0
DA:76,0
DA:77,0
DA:80,0
DA:81,0
DA:84,0
DA:85,0
DA:87,0
DA:91,0
LF:40
LH:0
BRDA:39,0,0,0
BRDA:39,0,1,0
BRDA:40,1,0,0
BRDA:40,1,1,0
BRDA:44,2,0,0
BRDA:44,2,1,0
BRDA:48,3,0,0
BRDA:48,3,1,0
BRDA:52,4,0,0
BRDA:52,4,1,0
BRDA:64,5,0,0
BRDA:64,5,1,0
BRDA:75,6,0,0
BRDA:75,6,1,0
BRDA:85,7,0,0
BRDA:85,7,1,0
BRDA:109,8,0,0
BRDA:109,8,1,0
BRDA:115,9,0,0
BRDA:115,9,1,0
BRDA:197,10,0,0
BRDA:197,10,1,0
BRF:22
BRH:0
end_of_record
TN:
SF:src/pages/UploadResume.js
FN:43,(anonymous_0)
FN:54,(anonymous_1)
FN:58,(anonymous_2)
FN:71,(anonymous_3)
FN:99,(anonymous_4)
FN:137,(anonymous_5)
FN:155,(anonymous_6)
FN:168,(anonymous_7)
FN:169,(anonymous_8)
FN:175,(anonymous_9)
FN:185,(anonymous_10)
FN:272,(anonymous_11)
FN:282,(anonymous_12)
FN:463,(anonymous_13)
FN:507,(anonymous_14)
FN:571,(anonymous_15)
FN:586,(anonymous_16)
FN:612,(anonymous_17)
FNF:18
FNH:0
FNDA:0,(anonymous_0)
FNDA:0,(anonymous_1)
FNDA:0,(anonymous_2)
FNDA:0,(anonymous_3)
FNDA:0,(anonymous_4)
FNDA:0,(anonymous_5)
FNDA:0,(anonymous_6)
FNDA:0,(anonymous_7)
FNDA:0,(anonymous_8)
FNDA:0,(anonymous_9)
FNDA:0,(anonymous_10)
FNDA:0,(anonymous_11)
FNDA:0,(anonymous_12)
FNDA:0,(anonymous_13)
FNDA:0,(anonymous_14)
FNDA:0,(anonymous_15)
FNDA:0,(anonymous_16)
FNDA:0,(anonymous_17)
DA:43,0
DA:44,0
DA:45,0
DA:46,0
DA:47,0
DA:48,0
DA:49,0
DA:50,0
DA:51,0
DA:52,0
DA:54,0
DA:55,0
DA:58,0
DA:59,0
DA:60,0
DA:61,0
DA:62,0
DA:64,0
DA:65,0
DA:67,0
DA:71,0
DA:72,0
DA:73,0
DA:74,0
DA:81,0
DA:82,0
DA:83,0
DA:84,0
DA:87,0
DA:88,0
DA:89,0
DA:90,0
DA:93,0
DA:94,0
DA:95,0
DA:99,0
DA:100,0
DA:101,0
DA:102,0
DA:105,0
DA:106,0
DA:107,0
DA:109,0
DA:110,0
DA:112,0
DA:113,0
DA:119,0
DA:120,0
DA:121,0
DA:122,0
DA:124,0
DA:126,0
DA:128,0
DA:129,0
DA:130,0
DA:131,0
DA:133,0
DA:137,0
DA:138,0
DA:139,0
DA:142,0
DA:143,0
DA:144,0
DA:145,0
DA:146,0
DA:148,0
DA:149,0
DA:150,0
DA:151,0
DA:155,0
DA:156,0
DA:157,0
DA:158,0
DA:159,0
DA:161,0
DA:162,0
DA:163,0
DA:164,0
DA:168,0
DA:169,0
DA:175,0
DA:176,0
DA:177,0
DA:178,0
DA:179,0
DA:180,0
DA:181,0
DA:185,0
DA:186,0
DA:187,0
DA:188,0
DA:190,0
DA:191,0
DA:192,0
DA:199,0
DA:200,0
DA:201,0
DA:202,0
DA:205,0
DA:206,0
DA:207,0
DA:208,0
DA:211,0
DA:212,0
DA:213,0
DA:214,0
DA:218,0
DA:272,0
DA:282,0
DA:464,0
DA:465,0
DA:466,0
DA:468,0
DA:507,0
DA:571,0
DA:587,0
DA:612,0
LF:117
LH:0
BRDA:73,0,0,0
BRDA:73,0,1,0
BRDA:81,1,0,0
BRDA:81,1,1,0
BRDA:87,2,0,0
BRDA:87,2,1,0
BRDA:100,3,0,0
BRDA:100,3,1,0
BRDA:129,4,0,0
BRDA:129,4,1,0
BRDA:138,5,0,0
BRDA:138,5,1,0
BRDA:149,6,0,0
BRDA:149,6,1,0
BRDA:162,7,0,0
BRDA:162,7,1,0
BRDA:178,8,0,0
BRDA:178,8,1,0
BRDA:178,9,0,0
BRDA:178,9,1,0
BRDA:180,10,0,0
BRDA:180,10,1,0
BRDA:190,11,0,0
BRDA:190,11,1,0
BRDA:190,12,0,0
BRDA:190,12,1,0
BRDA:199,13,0,0
BRDA:199,13,1,0
BRDA:205,14,0,0
BRDA:205,14,1,0
BRDA:268,15,0,0
BRDA:268,15,1,0
BRDA:278,16,0,0
BRDA:278,16,1,0
BRDA:296,17,0,0
BRDA:296,17,1,0
BRDA:300,18,0,0
BRDA:300,18,1,0
BRDA:320,19,0,0
BRDA:320,19,1,0
BRDA:359,20,0,0
BRDA:359,20,1,0
BRDA:372,21,0,0
BRDA:372,21,1,0
BRDA:397,22,0,0
BRDA:397,22,1,0
BRDA:430,23,0,0
BRDA:430,23,1,0
BRDA:441,24,0,0
BRDA:441,24,1,0
BRDA:465,25,0,0
BRDA:465,25,1,0
BRDA:475,26,0,0
BRDA:475,26,1,0
BRDA:476,27,0,0
BRDA:476,27,1,0
BRDA:491,28,0,0
BRDA:491,28,1,0
BRDA:566,29,0,0
BRDA:566,29,1,0
BRDA:568,30,0,0
BRDA:568,30,1,0
BRDA:572,31,0,0
BRDA:572,31,1,0
BRDA:581,32,0,0
BRDA:581,32,1,0
BRF:66
BRH:0
end_of_record
TN:
SF:src/services/api.js
FN:15,(anonymous_0)
FN:22,(anonymous_1)
FN:29,(anonymous_2)
FN:30,(anonymous_3)
FNF:4
FNH:0
FNDA:0,(anonymous_0)
FNDA:0,(anonymous_1)
FNDA:0,(anonymous_2)
FNDA:0,(anonymous_3)
DA:3,0
DA:6,0
DA:14,0
DA:16,0
DA:17,0
DA:18,0
DA:20,0
DA:23,0
DA:28,0
DA:29,0
DA:31,0
DA:33,0
DA:34,0
DA:35,0
DA:37,0
LF:15
LH:0
BRDA:3,0,0,0
BRDA:3,0,1,0
BRDA:17,1,0,0
BRDA:17,1,1,0
BRDA:31,2,0,0
BRDA:31,2,1,0
BRF:6
BRH:0
end_of_record
TN:
SF:src/services/authService.js
FN:13,(anonymous_0)
FN:28,(anonymous_1)
FN:50,(anonymous_2)
FN:60,(anonymous_3)
FN:76,(anonymous_4)
FN:85,(anonymous_5)
FN:94,(anonymous_6)
FNF:7
FNH:0
FNDA:0,(anonymous_0)
FNDA:0,(anonymous_1)
FNDA:0,(anonymous_2)
FNDA:0,(anonymous_3)
FNDA:0,(anonymous_4)
FNDA:0,(anonymous_5)
FNDA:0,(anonymous_6)
DA:14,0
DA:15,0
DA:16,0
DA:18,0
DA:29,0
DA:30,0
DA:35,0
DA:38,0
DA:39,0
DA:41,0
DA:43,0
DA:51,0
DA:52,0
DA:53,0
DA:61,0
DA:62,0
DA:63,0
DA:64,0
DA:66,0
DA:69,0
DA:77,0
DA:78,0
DA:86,0
DA:95,0
DA:97,0
DA:98,0
DA:99,0
DA:101,0
DA:104,0
DA:109,0
LF:30
LH:0
BRDA:62,0,0,0
BRDA:62,0,1,0
BRDA:95,1,0,0
BRDA:95,1,1,0
BRDA:97,2,0,0
BRDA:97,2,1,0
BRDA:97,2,2,0
BRDA:99,3,0,0
BRDA:99,3,1,0
BRDA:104,4,0,0
BRDA:104,4,1,0
BRF:11
BRH:0
end_of_record
